#
# A fatal error has been detected by the Java Runtime Environment:
#
#  EXCEPTION_ACCESS_VIOLATION (0xc0000005) at pc=0x000000018000b8ba, pid=12060, tid=8788
#
# JRE version: Java(TM) SE Runtime Environment (17.0.2+8) (build 17.0.2+8-LTS-86)
# Java VM: Java HotSpot(TM) 64-Bit Server VM (17.0.2+8-LTS-86, mixed mode, emulated-client, sharing, tiered, compressed oops, compressed class ptrs, g1 gc, windows-amd64)
# Problematic frame:
# C  [SafeIPs64.dll+0xb8ba]
#
# No core dump will be written. Minidumps are not enabled by default on client versions of Windows
#
# If you would like to submit a bug report, please visit:
#   https://bugreport.java.com/bugreport/crash.jsp
# The crash happened outside the Java Virtual Machine in native code.
# See problematic frame for where to report the bug.
#

---------------  S U M M A R Y ------------

Command Line: -XX:TieredStopAtLevel=1 com.cursojava.curso.CursoApplication

Host: Intel(R) Core(TM) i5-7200U CPU @ 2.50GHz, 4 cores, 15G,  Windows 10 , 64 bit Build 19041 (10.0.19041.1706)
Time: Sat May 14 01:21:56 2022 Central Daylight Time (Mexico) elapsed time: 2.239304 seconds (0d 0h 0m 2s)

---------------  T H R E A D  ---------------

Current thread (0x000002428f507cf0):  JavaThread "main" [_thread_in_native, id=8788, stack(0x0000008e53400000,0x0000008e53500000)]

Stack: [0x0000008e53400000,0x0000008e53500000],  sp=0x0000008e534fe198,  free space=1016k
Native frames: (J=compiled Java code, j=interpreted, Vv=VM code, C=native code)
C  [SafeIPs64.dll+0xb8ba]

Java frames: (J=compiled Java code, j=interpreted, Vv=VM code)
j  sun.nio.ch.WEPoll.ctl(JIJI)I+0 java.base@17.0.2
j  sun.nio.ch.WEPollSelectorImpl.<init>(Ljava/nio/channels/spi/SelectorProvider;)V+138 java.base@17.0.2
j  sun.nio.ch.WEPollSelectorProvider.openSelector()Ljava/nio/channels/spi/AbstractSelector;+5 java.base@17.0.2
j  java.nio.channels.Selector.open()Ljava/nio/channels/Selector;+3 java.base@17.0.2
j  org.apache.tomcat.util.net.NioEndpoint$Poller.<init>(Lorg/apache/tomcat/util/net/NioEndpoint;)V+48
j  org.apache.tomcat.util.net.NioEndpoint.startInternal()V+132
j  org.apache.tomcat.util.net.AbstractEndpoint.start()V+22
j  org.apache.coyote.AbstractProtocol.start()V+48
j  org.apache.catalina.connector.Connector.startInternal()V+73
j  org.apache.catalina.util.LifecycleBase.start()V+210
j  org.apache.catalina.core.StandardService.addConnector(Lorg/apache/catalina/connector/Connector;)V+74
j  org.springframework.boot.web.embedded.tomcat.TomcatWebServer.addPreviouslyRemovedConnectors()V+84
j  org.springframework.boot.web.embedded.tomcat.TomcatWebServer.start()V+18
j  org.springframework.boot.web.servlet.context.WebServerStartStopLifecycle.start()V+4
j  org.springframework.context.support.DefaultLifecycleProcessor.doStart(Ljava/util/Map;Ljava/lang/String;Z)V+173
j  org.springframework.context.support.DefaultLifecycleProcessor.access$200(Lorg/springframework/context/support/DefaultLifecycleProcessor;Ljava/util/Map;Ljava/lang/String;Z)V+4
j  org.springframework.context.support.DefaultLifecycleProcessor$LifecycleGroup.start()V+114
j  org.springframework.context.support.DefaultLifecycleProcessor$$Lambda$610+0x0000000800f31aa0.accept(Ljava/lang/Object;)V+4
j  java.lang.Iterable.forEach(Ljava/util/function/Consumer;)V+30 java.base@17.0.2
j  org.springframework.context.support.DefaultLifecycleProcessor.startBeans(Z)V+48
j  org.springframework.context.support.DefaultLifecycleProcessor.onRefresh()V+2
j  org.springframework.context.support.AbstractApplicationContext.finishRefresh()V+12
j  org.springframework.context.support.AbstractApplicationContext.refresh()V+90
j  org.springframework.boot.web.servlet.context.ServletWebServerApplicationContext.refresh()V+1
j  org.springframework.boot.SpringApplication.refresh(Lorg/springframework/context/ConfigurableApplicationContext;)V+1
j  org.springframework.boot.SpringApplication.refreshContext(Lorg/springframework/context/ConfigurableApplicationContext;)V+16
j  org.springframework.boot.SpringApplication.run([Ljava/lang/String;)Lorg/springframework/context/ConfigurableApplicationContext;+107
j  org.springframework.boot.SpringApplication.run([Ljava/lang/Class;[Ljava/lang/String;)Lorg/springframework/context/ConfigurableApplicationContext;+9
j  org.springframework.boot.SpringApplication.run(Ljava/lang/Class;[Ljava/lang/String;)Lorg/springframework/context/ConfigurableApplicationContext;+9
j  com.cursojava.curso.CursoApplication.main([Ljava/lang/String;)V+3
v  ~StubRoutines::call_stub

siginfo: EXCEPTION_ACCESS_VIOLATION (0xc0000005), reading address 0x00000000000007fc


Register to memory mapping:

RIP=0x000000018000b8ba SafeIPs64.dll
RAX=0x0 is NULL
RBX=0x00000242a82f1a58 points into unknown readable memory: 0x0000000000000000 | 00 00 00 00 00 00 00 00
RCX=0x00000000000007fc is an unknown value
RDX=0x0000000000000002 is an unknown value
RSP=0x0000008e534fe198 is pointing into the stack for thread: 0x000002428f507cf0
RBP=0x00000000000007f8 is an unknown value
RSI=0x00000242a82912f0 points into unknown readable memory: 0x00000242a82912f0 | f0 12 29 a8 42 02 00 00
RDI=0x00000000000007f8 is an unknown value
R8 =0x0 is NULL
R9 =0x00000000000007fc is an unknown value
R10=0x000000000000001f is an unknown value
R11=0x000002428f4f78a8 points into unknown readable memory: 0x00000000000007d0 | d0 07 00 00 00 00 00 00
R12=0x0000000000000804 is an unknown value
R13={method} {0x00000242a93ee770} 'ctl' '(JIJI)I' in 'sun/nio/ch/WEPoll'
R14=0x00000242a82912c0 points into unknown readable memory: 0x00000000000007f8 | f8 07 00 00 00 00 00 00
R15=0x0000008e534fe3c0 is pointing into the stack for thread: 0x000002428f507cf0


Registers:
RAX=0x0000000000000000, RBX=0x00000242a82f1a58, RCX=0x00000000000007fc, RDX=0x0000000000000002
RSP=0x0000008e534fe198, RBP=0x00000000000007f8, RSI=0x00000242a82912f0, RDI=0x00000000000007f8
R8 =0x0000000000000000, R9 =0x00000000000007fc, R10=0x000000000000001f, R11=0x000002428f4f78a8
R12=0x0000000000000804, R13=0x00000242a93ee768, R14=0x00000242a82912c0, R15=0x0000008e534fe3c0
RIP=0x000000018000b8ba, EFLAGS=0x0000000000010246

Top of Stack: (sp=0x0000008e534fe198)
0x0000008e534fe198:   00000242a82f1a58 0000675604381efb
0x0000008e534fe1a8:   00000001ffffffff 0000008e534fe218
0x0000008e534fe1b8:   000000018001e879 0000000180065ec0
0x0000008e534fe1c8:   0000000000002736 00000000000007fc
0x0000008e534fe1d8:   00000242a82912f0 00000000000007f8
0x0000008e534fe1e8:   000000018000bb06 00000242a82f1a58
0x0000008e534fe1f8:   00000242a82f1a58 0000000000000000
0x0000008e534fe208:   00000000000007f8 0000000000000000
0x0000008e534fe218:   0000000000002736 0000000000000000
0x0000008e534fe228:   0000000000000000 00000000000007f8
0x0000008e534fe238:   00007ff9ec5776ca 00000000000007fc
0x0000008e534fe248:   0000000000000702 00000242a82912f0
0x0000008e534fe258:   0000024296d86000 0000000000000000
0x0000008e534fe268:   0000024200000000 0000024200000003
0x0000008e534fe278:   0000000000000001 0000024200000000
0x0000008e534fe288:   0000000000000000 0000000000000000 

Instructions: (pc=0x000000018000b8ba)
0x000000018000b7ba:   32 c0 48 83 c4 50 41 5c c3 cc cc cc cc cc cc cc
0x000000018000b7ca:   cc cc cc cc cc cc 48 85 c9 74 23 8b 05 6d 09 07
0x000000018000b7da:   00 89 01 8b 05 69 09 07 00 89 41 04 8b 05 64 09
0x000000018000b7ea:   07 00 89 41 08 8b 05 5f 09 07 00 89 41 0c f3 c3
0x000000018000b7fa:   cc cc cc cc cc cc c6 01 01 c7 02 01 00 00 00 c3
0x000000018000b80a:   cc cc cc cc cc cc 48 89 5c 24 08 57 48 83 ec 70
0x000000018000b81a:   48 8b fa 8b d9 48 8d 15 f2 7c 05 00 48 8d 4c 24
0x000000018000b82a:   20 45 33 c0 48 c7 44 24 40 0f 00 00 00 48 c7 44
0x000000018000b83a:   24 38 00 00 00 00 c6 44 24 28 00 e8 56 74 ff ff
0x000000018000b84a:   4c 8d 4c 24 20 48 8d 4c 24 48 41 b0 01 8b d3 e8
0x000000018000b85a:   b2 0f 02 00 48 83 78 20 10 72 06 48 8b 48 08 eb
0x000000018000b86a:   05 48 8d 48 08 90 0f b6 01 48 ff c7 48 ff c1 88
0x000000018000b87a:   47 ff 84 c0 75 f0 48 83 7c 24 68 10 72 0a 48 8b
0x000000018000b88a:   4c 24 50 e8 12 9b 03 00 48 8b 9c 24 80 00 00 00
0x000000018000b89a:   48 83 c4 70 5f c3 48 83 ec 48 0f b6 c2 a9 fc ff
0x000000018000b8aa:   ff ff 0f 85 3c 66 01 00 f6 ff 25 00 00 00 00 53
0x000000018000b8ba:   df 01 00 fa 7f 00 00 af 04 24 89 04 24 8b 44 24
0x000000018000b8ca:   04 0f af 04 24 83 c0 01 89 04 24 8b 44 24 04 0f
0x000000018000b8da:   af 04 24 83 c0 02 89 04 24 8b 44 24 04 0f af 04
0x000000018000b8ea:   24 83 c0 03 89 04 24 8b 44 24 04 0f af 04 24 83
0x000000018000b8fa:   c0 04 89 04 24 8b 44 24 04 0f af 04 24 83 c0 05
0x000000018000b90a:   89 04 24 8b 44 24 04 0f af 04 24 83 c0 06 89 04
0x000000018000b91a:   24 8b 44 24 04 0f af 04 24 83 c0 07 89 04 24 8b
0x000000018000b92a:   44 24 04 0f af 04 24 83 c0 08 89 04 24 8b 44 24
0x000000018000b93a:   04 0f af 04 24 83 c0 09 89 04 24 8b 44 24 04 0f
0x000000018000b94a:   af 04 24 83 c0 0a 89 04 24 8b 44 24 04 0f af 04
0x000000018000b95a:   24 83 c0 0b 89 04 24 8b 44 24 04 0f af 04 24 83
0x000000018000b96a:   c0 0d 89 04 24 8b 44 24 04 0f af 04 24 83 c0 0e
0x000000018000b97a:   89 04 24 8b 44 24 04 0f af 04 24 83 c0 0f 89 04
0x000000018000b98a:   24 8b 44 24 04 0f af 04 24 83 c0 10 89 04 24 8b
0x000000018000b99a:   44 24 04 0f af 04 24 83 c0 11 89 04 24 8b 44 24
0x000000018000b9aa:   04 0f af 04 24 83 c0 12 89 04 24 8b 44 24 04 0f 


Stack slot to memory mapping:
stack at sp + 0 slots: 0x00000242a82f1a58 points into unknown readable memory: 0x0000000000000000 | 00 00 00 00 00 00 00 00
stack at sp + 1 slots: 0x0000675604381efb is an unknown value
stack at sp + 2 slots: 0x00000001ffffffff is an unknown value
stack at sp + 3 slots: 0x0000008e534fe218 is pointing into the stack for thread: 0x000002428f507cf0
stack at sp + 4 slots: 0x000000018001e879 SafeIPs64.dll
stack at sp + 5 slots: 0x0000000180065ec0 SafeIPs64.dll
stack at sp + 6 slots: 0x0000000000002736 is an unknown value
stack at sp + 7 slots: 0x00000000000007fc is an unknown value


---------------  P R O C E S S  ---------------

Threads class SMR info:
_java_thread_list=0x00000242a712de90, length=26, elements={
0x000002428f507cf0, 0x00000242a56d8600, 0x00000242a56d9380, 0x00000242a56eedf0,
0x00000242a56f26d0, 0x00000242a56f3730, 0x00000242a56f7c90, 0x00000242a56f8da0,
0x00000242a56fd600, 0x00000242a61b5e90, 0x00000242a61bd170, 0x00000242a61dac30,
0x00000242a61e0590, 0x00000242a8133b90, 0x00000242a8134060, 0x00000242a822c830,
0x00000242a81214d0, 0x00000242a81219a0, 0x00000242a8121e70, 0x00000242a8122340,
0x00000242a8122810, 0x00000242a8324bc0, 0x00000242a8325f00, 0x00000242a83233b0,
0x00000242a8326d70, 0x00000242a8325090
}

Java Threads: ( => current thread )
=>0x000002428f507cf0 JavaThread "main" [_thread_in_native, id=8788, stack(0x0000008e53400000,0x0000008e53500000)]
  0x00000242a56d8600 JavaThread "Reference Handler" daemon [_thread_blocked, id=6712, stack(0x0000008e53b00000,0x0000008e53c00000)]
  0x00000242a56d9380 JavaThread "Finalizer" daemon [_thread_blocked, id=11700, stack(0x0000008e53c00000,0x0000008e53d00000)]
  0x00000242a56eedf0 JavaThread "Signal Dispatcher" daemon [_thread_blocked, id=11088, stack(0x0000008e53d00000,0x0000008e53e00000)]
  0x00000242a56f26d0 JavaThread "Attach Listener" daemon [_thread_blocked, id=2664, stack(0x0000008e53e00000,0x0000008e53f00000)]
  0x00000242a56f3730 JavaThread "Service Thread" daemon [_thread_blocked, id=5988, stack(0x0000008e53f00000,0x0000008e54000000)]
  0x00000242a56f7c90 JavaThread "Monitor Deflation Thread" daemon [_thread_blocked, id=12144, stack(0x0000008e54000000,0x0000008e54100000)]
  0x00000242a56f8da0 JavaThread "C1 CompilerThread0" daemon [_thread_blocked, id=7632, stack(0x0000008e54100000,0x0000008e54200000)]
  0x00000242a56fd600 JavaThread "Sweeper thread" daemon [_thread_blocked, id=7844, stack(0x0000008e54200000,0x0000008e54300000)]
  0x00000242a61b5e90 JavaThread "C1 CompilerThread1" daemon [_thread_blocked, id=5712, stack(0x0000008e54300000,0x0000008e54400000)]
  0x00000242a61bd170 JavaThread "C1 CompilerThread2" daemon [_thread_blocked, id=5732, stack(0x0000008e54400000,0x0000008e54500000)]
  0x00000242a61dac30 JavaThread "Notification Thread" daemon [_thread_blocked, id=9840, stack(0x0000008e54500000,0x0000008e54600000)]
  0x00000242a61e0590 JavaThread "Common-Cleaner" daemon [_thread_blocked, id=2460, stack(0x0000008e54700000,0x0000008e54800000)]
  0x00000242a8133b90 JavaThread "Catalina-utility-1" [_thread_blocked, id=3044, stack(0x0000008e55480000,0x0000008e55580000)]
  0x00000242a8134060 JavaThread "Catalina-utility-2" [_thread_blocked, id=11972, stack(0x0000008e55580000,0x0000008e55680000)]
  0x00000242a822c830 JavaThread "container-0" [_thread_blocked, id=6936, stack(0x0000008e55680000,0x0000008e55780000)]
  0x00000242a81214d0 JavaThread "http-nio-8080-exec-1" daemon [_thread_blocked, id=12952, stack(0x0000008e55780000,0x0000008e55880000)]
  0x00000242a81219a0 JavaThread "http-nio-8080-exec-2" daemon [_thread_blocked, id=5064, stack(0x0000008e55880000,0x0000008e55980000)]
  0x00000242a8121e70 JavaThread "http-nio-8080-exec-3" daemon [_thread_blocked, id=12576, stack(0x0000008e55980000,0x0000008e55a80000)]
  0x00000242a8122340 JavaThread "http-nio-8080-exec-4" daemon [_thread_blocked, id=12820, stack(0x0000008e55a80000,0x0000008e55b80000)]
  0x00000242a8122810 JavaThread "http-nio-8080-exec-5" daemon [_thread_blocked, id=10060, stack(0x0000008e55b80000,0x0000008e55c80000)]
  0x00000242a8324bc0 JavaThread "http-nio-8080-exec-6" daemon [_thread_blocked, id=11632, stack(0x0000008e55c80000,0x0000008e55d80000)]
  0x00000242a8325f00 JavaThread "http-nio-8080-exec-7" daemon [_thread_blocked, id=780, stack(0x0000008e55d80000,0x0000008e55e80000)]
  0x00000242a83233b0 JavaThread "http-nio-8080-exec-8" daemon [_thread_blocked, id=7728, stack(0x0000008e55e80000,0x0000008e55f80000)]
  0x00000242a8326d70 JavaThread "http-nio-8080-exec-9" daemon [_thread_blocked, id=11856, stack(0x0000008e55f80000,0x0000008e56080000)]
  0x00000242a8325090 JavaThread "http-nio-8080-exec-10" daemon [_thread_blocked, id=10168, stack(0x0000008e56080000,0x0000008e56180000)]

Other Threads:
  0x00000242a56d1680 VMThread "VM Thread" [stack: 0x0000008e53a00000,0x0000008e53b00000] [id=10964]
  0x00000242a61df940 WatcherThread [stack: 0x0000008e54600000,0x0000008e54700000] [id=1108]
  0x000002428f5566c0 GCTaskThread "GC Thread#0" [stack: 0x0000008e53500000,0x0000008e53600000] [id=14236]
  0x00000242a6d80a10 GCTaskThread "GC Thread#1" [stack: 0x0000008e54c00000,0x0000008e54d00000] [id=10008]
  0x00000242a6e08430 GCTaskThread "GC Thread#2" [stack: 0x0000008e55180000,0x0000008e55280000] [id=10400]
  0x00000242a6e086e0 GCTaskThread "GC Thread#3" [stack: 0x0000008e55280000,0x0000008e55380000] [id=1600]
  0x000002428f567310 ConcurrentGCThread "G1 Main Marker" [stack: 0x0000008e53600000,0x0000008e53700000] [id=5432]
  0x000002428f567c30 ConcurrentGCThread "G1 Conc#0" [stack: 0x0000008e53700000,0x0000008e53800000] [id=5420]
  0x00000242a55a24c0 ConcurrentGCThread "G1 Refine#0" [stack: 0x0000008e53800000,0x0000008e53900000] [id=12296]
  0x00000242a6d8ed50 ConcurrentGCThread "G1 Refine#1" [stack: 0x0000008e55380000,0x0000008e55480000] [id=9168]
  0x00000242a55a2cf0 ConcurrentGCThread "G1 Service" [stack: 0x0000008e53900000,0x0000008e53a00000] [id=13876]

Threads with active compile tasks:

VM state: not at safepoint (normal execution)

VM Mutex/Monitor currently owned by a thread: None

Heap address: 0x0000000702000000, size: 4064 MB, Compressed Oops mode: Zero based, Oop shift amount: 3

CDS archive(s) mapped at: [0x0000000800000000-0x0000000800bc0000-0x0000000800bc0000), size 12320768, SharedBaseAddress: 0x0000000800000000, ArchiveRelocationMode: 0.
Compressed class space mapped at: 0x0000000800c00000-0x0000000840c00000, reserved size: 1073741824
Narrow klass base: 0x0000000800000000, Narrow klass shift: 0, Narrow klass range: 0x100000000

GC Precious Log:
 CPUs: 4 total, 4 available
 Memory: 16252M
 Large Page Support: Disabled
 NUMA Support: Disabled
 Compressed Oops: Enabled (Zero based)
 Heap Region Size: 2M
 Heap Min Capacity: 8M
 Heap Initial Capacity: 254M
 Heap Max Capacity: 4064M
 Pre-touch: Disabled
 Parallel Workers: 4
 Concurrent Workers: 1
 Concurrent Refinement Workers: 4
 Periodic GC: Disabled

Heap:
 garbage-first heap   total 55296K, used 30734K [0x0000000702000000, 0x0000000800000000)
  region size 2048K, 15 young (30720K), 4 survivors (8192K)
 Metaspace       used 23674K, committed 24000K, reserved 1073152K
  class space    used 3215K, committed 3392K, reserved 1048576K

Heap Regions: E=young(eden), S=young(survivor), O=old, HS=humongous(starts), HC=humongous(continues), CS=collection set, F=free, OA=open archive, CA=closed archive, TAMS=top-at-mark-start (previous, next)
|   0|0x0000000702000000, 0x0000000702200000, 0x0000000702200000|100%| O|  |TAMS 0x0000000702200000, 0x0000000702000000| Untracked 
|   1|0x0000000702200000, 0x0000000702391a00, 0x0000000702400000| 78%| O|  |TAMS 0x0000000702391a00, 0x0000000702200000| Complete 
|   2|0x0000000702400000, 0x0000000702400000, 0x0000000702600000|  0%| F|  |TAMS 0x0000000702400000, 0x0000000702400000| Untracked 
|   3|0x0000000702600000, 0x0000000702600000, 0x0000000702800000|  0%| F|  |TAMS 0x0000000702600000, 0x0000000702600000| Untracked 
|   4|0x0000000702800000, 0x0000000702800000, 0x0000000702a00000|  0%| F|  |TAMS 0x0000000702800000, 0x0000000702800000| Untracked 
|   5|0x0000000702a00000, 0x0000000702a00000, 0x0000000702c00000|  0%| F|  |TAMS 0x0000000702a00000, 0x0000000702a00000| Untracked 
|   6|0x0000000702c00000, 0x0000000702c00000, 0x0000000702e00000|  0%| F|  |TAMS 0x0000000702c00000, 0x0000000702c00000| Untracked 
|   7|0x0000000702e00000, 0x0000000702e00000, 0x0000000703000000|  0%| F|  |TAMS 0x0000000702e00000, 0x0000000702e00000| Untracked 
|   8|0x0000000703000000, 0x0000000703000000, 0x0000000703200000|  0%| F|  |TAMS 0x0000000703000000, 0x0000000703000000| Untracked 
|   9|0x0000000703200000, 0x0000000703200000, 0x0000000703400000|  0%| F|  |TAMS 0x0000000703200000, 0x0000000703200000| Untracked 
|  10|0x0000000703400000, 0x0000000703400000, 0x0000000703600000|  0%| F|  |TAMS 0x0000000703400000, 0x0000000703400000| Untracked 
|  11|0x0000000703600000, 0x0000000703600000, 0x0000000703800000|  0%| F|  |TAMS 0x0000000703600000, 0x0000000703600000| Untracked 
|  12|0x0000000703800000, 0x0000000703a00000, 0x0000000703a00000|100%| E|  |TAMS 0x0000000703800000, 0x0000000703800000| Complete 
|  13|0x0000000703a00000, 0x0000000703c00000, 0x0000000703c00000|100%| E|CS|TAMS 0x0000000703a00000, 0x0000000703a00000| Complete 
|  14|0x0000000703c00000, 0x0000000703e00000, 0x0000000703e00000|100%| E|CS|TAMS 0x0000000703c00000, 0x0000000703c00000| Complete 
|  15|0x0000000703e00000, 0x0000000704000000, 0x0000000704000000|100%| E|CS|TAMS 0x0000000703e00000, 0x0000000703e00000| Complete 
|  16|0x0000000704000000, 0x0000000704200000, 0x0000000704200000|100%| E|CS|TAMS 0x0000000704000000, 0x0000000704000000| Complete 
|  17|0x0000000704200000, 0x0000000704400000, 0x0000000704400000|100%| E|CS|TAMS 0x0000000704200000, 0x0000000704200000| Complete 
|  18|0x0000000704400000, 0x0000000704600000, 0x0000000704600000|100%| E|CS|TAMS 0x0000000704400000, 0x0000000704400000| Complete 
|  19|0x0000000704600000, 0x0000000704800000, 0x0000000704800000|100%| E|CS|TAMS 0x0000000704600000, 0x0000000704600000| Complete 
|  20|0x0000000704800000, 0x0000000704a00000, 0x0000000704a00000|100%| E|CS|TAMS 0x0000000704800000, 0x0000000704800000| Complete 
|  97|0x000000070e200000, 0x000000070e2721a0, 0x000000070e400000| 22%| S|CS|TAMS 0x000000070e200000, 0x000000070e200000| Complete 
|  98|0x000000070e400000, 0x000000070e600000, 0x000000070e600000|100%| S|CS|TAMS 0x000000070e400000, 0x000000070e400000| Complete 
|  99|0x000000070e600000, 0x000000070e800000, 0x000000070e800000|100%| S|CS|TAMS 0x000000070e600000, 0x000000070e600000| Complete 
| 100|0x000000070e800000, 0x000000070ea00000, 0x000000070ea00000|100%| S|CS|TAMS 0x000000070e800000, 0x000000070e800000| Complete 
| 125|0x0000000711a00000, 0x0000000711c00000, 0x0000000711c00000|100%| E|CS|TAMS 0x0000000711a00000, 0x0000000711a00000| Complete 
| 126|0x0000000711c00000, 0x0000000711e00000, 0x0000000711e00000|100%| E|CS|TAMS 0x0000000711c00000, 0x0000000711c00000| Complete 

Card table byte_map: [0x000002429a550000,0x000002429ad40000] _byte_map_base: 0x0000024296d40000

Marking Bits (Prev, Next): (CMBitMap*) 0x000002428f556c20, (CMBitMap*) 0x000002428f556be0
 Prev Bits: [0x000002429f4b0000, 0x00000242a3430000)
 Next Bits: [0x000002429b530000, 0x000002429f4b0000)

Polling page: 0x000002428d460000

Metaspace:

Usage:
  Non-class:     19.98 MB used.
      Class:      3.14 MB used.
       Both:     23.12 MB used.

Virtual space:
  Non-class space:       24.00 MB reserved,      20.12 MB ( 84%) committed,  3 nodes.
      Class space:        1.00 GB reserved,       3.31 MB ( <1%) committed,  1 nodes.
             Both:        1.02 GB reserved,      23.44 MB (  2%) committed. 

Chunk freelists:
   Non-Class:  2.94 MB
       Class:  551.00 KB
        Both:  3.48 MB

MaxMetaspaceSize: unlimited
CompressedClassSpaceSize: 1.00 GB
Initial GC threshold: 21.00 MB
Current GC threshold: 35.12 MB
CDS: on
MetaspaceReclaimPolicy: balanced
 - commit_granule_bytes: 65536.
 - commit_granule_words: 8192.
 - virtual_space_node_default_size: 1048576.
 - enlarge_chunks_in_place: 1.
 - new_chunks_are_fully_committed: 0.
 - uncommit_free_chunks: 1.
 - use_allocation_guard: 0.
 - handle_deallocations: 1.


Internal statistics:

num_allocs_failed_limit: 3.
num_arena_births: 310.
num_arena_deaths: 0.
num_vsnodes_births: 4.
num_vsnodes_deaths: 0.
num_space_committed: 375.
num_space_uncommitted: 0.
num_chunks_returned_to_freelist: 3.
num_chunks_taken_from_freelist: 1188.
num_chunk_merges: 3.
num_chunk_splits: 788.
num_chunks_enlarged: 575.
num_purges: 0.
num_inconsistent_stats: 0.

CodeCache: size=49152Kb used=7116Kb max_used=7116Kb free=42035Kb
 bounds [0x0000024296d60000, 0x0000024297460000, 0x0000024299d60000]
 total_blobs=3588 nmethods=3114 adapters=399
 compilation: enabled
              stopped_count=0, restarted_count=0
 full_count=0

Compilation events (20 events):
Event: 2.212 Thread 0x00000242a56f8da0 3103       1       java.lang.invoke.MethodType::methodType (14 bytes)
Event: 2.212 Thread 0x00000242a61bd170 3104       1       jdk.internal.loader.ClassLoaders::platformClassLoader (4 bytes)
Event: 2.212 Thread 0x00000242a56f8da0 nmethod 3103 0x000002429744d810 code [0x000002429744d9c0, 0x000002429744dbe8]
Event: 2.212 Thread 0x00000242a61bd170 nmethod 3104 0x000002429744dd10 code [0x000002429744dea0, 0x000002429744df58]
Event: 2.217 Thread 0x00000242a61bd170 3105       1       java.nio.Buffer::mark (10 bytes)
Event: 2.217 Thread 0x00000242a56f8da0 3106       1       java.util.ResourceBundle$CacheKey::getName (5 bytes)
Event: 2.217 Thread 0x00000242a56f8da0 nmethod 3106 0x000002429744e610 code [0x000002429744e7a0, 0x000002429744e878]
Event: 2.217 Thread 0x00000242a61bd170 nmethod 3105 0x000002429744e910 code [0x000002429744eaa0, 0x000002429744eb78]
Event: 2.226 Thread 0x00000242a61b5e90 3107       1       sun.security.provider.DigestBase::engineUpdate (189 bytes)
Event: 2.226 Thread 0x00000242a56f8da0 3110       1       java.lang.invoke.VarHandleByteArrayAsInts$ArrayHandle::set (39 bytes)
Event: 2.226 Thread 0x00000242a61bd170 3109       1       java.lang.invoke.VarHandleGuards::guard_LII_V (137 bytes)
Event: 2.227 Thread 0x00000242a61b5e90 nmethod 3107 0x000002429744f310 code [0x000002429744f520, 0x000002429744fb48]
Event: 2.227 Thread 0x00000242a56f8da0 nmethod 3110 0x000002429744fe10 code [0x0000024297450000, 0x0000024297450498]
Event: 2.227 Thread 0x00000242a61b5e90 3111       1       jdk.internal.misc.Unsafe::putIntUnaligned (14 bytes)
Event: 2.227 Thread 0x00000242a56f8da0 3112       1       jdk.internal.misc.Unsafe::putIntUnaligned (79 bytes)
Event: 2.227 Thread 0x00000242a61b5e90 nmethod 3111 0x0000024297450790 code [0x0000024297450920, 0x0000024297450a38]
Event: 2.227 Thread 0x00000242a56f8da0 nmethod 3112 0x0000024297450d90 code [0x0000024297450f40, 0x0000024297451128]
Event: 2.228 Thread 0x00000242a61bd170 nmethod 3109 0x0000024297451190 code [0x00000242974514a0, 0x0000024297452558]
Event: 2.230 Thread 0x00000242a61b5e90 3114       1       java.nio.Buffer::capacity (5 bytes)
Event: 2.230 Thread 0x00000242a61b5e90 nmethod 3114 0x0000024297452e90 code [0x0000024297453020, 0x00000242974530f8]

GC Heap History (8 events):
Event: 0.404 GC heap before
{Heap before GC invocations=0 (full 0):
 garbage-first heap   total 260096K, used 12288K [0x0000000702000000, 0x0000000800000000)
  region size 2048K, 6 young (12288K), 0 survivors (0K)
 Metaspace       used 3032K, committed 3136K, reserved 1056768K
  class space    used 378K, committed 448K, reserved 1048576K
}
Event: 0.407 GC heap after
{Heap after GC invocations=1 (full 0):
 garbage-first heap   total 260096K, used 3766K [0x0000000702000000, 0x0000000800000000)
  region size 2048K, 1 young (2048K), 1 survivors (2048K)
 Metaspace       used 3032K, committed 3136K, reserved 1056768K
  class space    used 378K, committed 448K, reserved 1048576K
}
Event: 0.635 GC heap before
{Heap before GC invocations=1 (full 0):
 garbage-first heap   total 260096K, used 14006K [0x0000000702000000, 0x0000000800000000)
  region size 2048K, 6 young (12288K), 1 survivors (2048K)
 Metaspace       used 5366K, committed 5568K, reserved 1056768K
  class space    used 750K, committed 832K, reserved 1048576K
}
Event: 0.639 GC heap after
{Heap after GC invocations=2 (full 0):
 garbage-first heap   total 260096K, used 4633K [0x0000000702000000, 0x0000000800000000)
  region size 2048K, 1 young (2048K), 1 survivors (2048K)
 Metaspace       used 5366K, committed 5568K, reserved 1056768K
  class space    used 750K, committed 832K, reserved 1048576K
}
Event: 0.985 GC heap before
{Heap before GC invocations=2 (full 0):
 garbage-first heap   total 260096K, used 33305K [0x0000000702000000, 0x0000000800000000)
  region size 2048K, 15 young (30720K), 1 survivors (2048K)
 Metaspace       used 12843K, committed 12992K, reserved 1064960K
  class space    used 1727K, committed 1792K, reserved 1048576K
}
Event: 0.990 GC heap after
{Heap after GC invocations=3 (full 0):
 garbage-first heap   total 260096K, used 5918K [0x0000000702000000, 0x0000000800000000)
  region size 2048K, 2 young (4096K), 2 survivors (4096K)
 Metaspace       used 12843K, committed 12992K, reserved 1064960K
  class space    used 1727K, committed 1792K, reserved 1048576K
}
Event: 1.928 GC heap before
{Heap before GC invocations=3 (full 0):
 garbage-first heap   total 260096K, used 53022K [0x0000000702000000, 0x0000000800000000)
  region size 2048K, 26 young (53248K), 2 survivors (4096K)
 Metaspace       used 21219K, committed 21504K, reserved 1073152K
  class space    used 2866K, committed 3008K, reserved 1048576K
}
Event: 1.938 GC heap after
{Heap after GC invocations=4 (full 0):
 garbage-first heap   total 260096K, used 10254K [0x0000000702000000, 0x0000000800000000)
  region size 2048K, 4 young (8192K), 4 survivors (8192K)
 Metaspace       used 21219K, committed 21504K, reserved 1073152K
  class space    used 2866K, committed 3008K, reserved 1048576K
}

Deoptimization events (10 events):
Event: 0.383 Thread 0x000002428f507cf0 DEOPT PACKING pc=0x0000024297095d01 sp=0x0000008e534fd090
Event: 0.383 Thread 0x000002428f507cf0 DEOPT UNPACKING pc=0x0000024296db2b43 sp=0x0000008e534fc500 mode 3
Event: 0.835 Thread 0x000002428f507cf0 DEOPT PACKING pc=0x00000242971b6979 sp=0x0000008e534fd150
Event: 0.835 Thread 0x000002428f507cf0 DEOPT UNPACKING pc=0x0000024296db2b43 sp=0x0000008e534fc630 mode 3
Event: 1.413 Thread 0x000002428f507cf0 DEOPT PACKING pc=0x0000024297335c01 sp=0x0000008e534fcc30
Event: 1.413 Thread 0x000002428f507cf0 DEOPT UNPACKING pc=0x0000024296db2b43 sp=0x0000008e534fc0a0 mode 3
Event: 1.926 Thread 0x00000242a8133b90 DEOPT PACKING pc=0x00000242971c631f sp=0x0000008e5557ee00
Event: 1.926 Thread 0x00000242a8133b90 DEOPT UNPACKING pc=0x0000024296db2b43 sp=0x0000008e5557e258 mode 3
Event: 1.926 Thread 0x000002428f507cf0 DEOPT PACKING pc=0x00000242971fda09 sp=0x0000008e534fe660
Event: 1.927 Thread 0x000002428f507cf0 DEOPT UNPACKING pc=0x0000024296db2b43 sp=0x0000008e534fdaf0 mode 3

Classes unloaded (0 events):
No events

Classes redefined (0 events):
No events

Internal exceptions (20 events):
Event: 1.918 Thread 0x000002428f507cf0 Exception <a 'java/io/FileNotFoundException'{0x000000070ece5aa8}> (0x000000070ece5aa8) 
thrown [t:\workspace\open\src\hotspot\share\prims\jni.cpp, line 516]
Event: 1.988 Thread 0x000002428f507cf0 Exception <a 'java/lang/ClassNotFoundException'{0x0000000704809a70}: java/lang/ObjectCustomizer> (0x0000000704809a70) 
thrown [t:\workspace\open\src\hotspot\share\classfile\systemDictionary.cpp, line 256]
Event: 1.988 Thread 0x000002428f507cf0 Exception <a 'java/lang/ClassNotFoundException'{0x0000000704810b50}: org/springframework/web/servlet/config/annotation/WebMvcConfigurationSupportCustomizer> (0x0000000704810b50) 
thrown [t:\workspace\open\src\hotspot\share\classfile\systemDictionary.cpp, line 256]
Event: 1.989 Thread 0x000002428f507cf0 Exception <a 'java/lang/ClassNotFoundException'{0x0000000704824010}: org/springframework/web/servlet/config/annotation/DelegatingWebMvcConfigurationCustomizer> (0x0000000704824010) 
thrown [t:\workspace\open\src\hotspot\share\classfile\systemDictionary.cpp, line 256]
Event: 1.990 Thread 0x000002428f507cf0 Exception <a 'java/lang/ClassNotFoundException'{0x000000070482cbb0}: org/springframework/boot/autoconfigure/web/servlet/WebMvcAutoConfiguration$EnableWebMvcConfigurationCustomizer> (0x000000070482cbb0) 
thrown [t:\workspace\open\src\hotspot\share\classfile\systemDictionary.cpp, line 256]
Event: 1.992 Thread 0x000002428f507cf0 Exception <a 'java/lang/ClassNotFoundException'{0x0000000704840700}: org/springframework/context/ResourceLoaderAwareCustomizer> (0x0000000704840700) 
thrown [t:\workspace\open\src\hotspot\share\classfile\systemDictionary.cpp, line 256]
Event: 1.992 Thread 0x000002428f507cf0 Exception <a 'java/lang/ClassNotFoundException'{0x0000000704844bc8}: org/springframework/beans/factory/AwareCustomizer> (0x0000000704844bc8) 
thrown [t:\workspace\open\src\hotspot\share\classfile\systemDictionary.cpp, line 256]
Event: 1.992 Thread 0x000002428f507cf0 Exception <a 'java/lang/ClassNotFoundException'{0x0000000704848420}: org/springframework/context/ApplicationContextAwareCustomizer> (0x0000000704848420) 
thrown [t:\workspace\open\src\hotspot\share\classfile\systemDictionary.cpp, line 256]
Event: 1.993 Thread 0x000002428f507cf0 Exception <a 'java/lang/ClassNotFoundException'{0x000000070484d3e8}: org/springframework/beans/factory/AwareCustomizer> (0x000000070484d3e8) 
thrown [t:\workspace\open\src\hotspot\share\classfile\systemDictionary.cpp, line 256]
Event: 1.993 Thread 0x000002428f507cf0 Exception <a 'java/lang/ClassNotFoundException'{0x0000000704850c18}: org/springframework/web/context/ServletContextAwareCustomizer> (0x0000000704850c18) 
thrown [t:\workspace\open\src\hotspot\share\classfile\systemDictionary.cpp, line 256]
Event: 1.993 Thread 0x000002428f507cf0 Exception <a 'java/lang/ClassNotFoundException'{0x0000000704855518}: org/springframework/beans/factory/AwareCustomizer> (0x0000000704855518) 
thrown [t:\workspace\open\src\hotspot\share\classfile\systemDictionary.cpp, line 256]
Event: 2.071 Thread 0x000002428f507cf0 Exception <a 'java/lang/NoSuchMethodError'{0x0000000704470d00}: 'void java.lang.invoke.DirectMethodHandle$Holder.invokeVirtual(java.lang.Object, java.lang.Object, int)'> (0x0000000704470d00) 
thrown [t:\workspace\open\src\hotspot\share\interpreter\linkResolver.cpp, line 766]
Event: 2.072 Thread 0x000002428f507cf0 Exception <a 'java/lang/NoSuchMethodError'{0x000000070448b858}: 'void java.lang.invoke.DirectMethodHandle$Holder.invokeVirtual(java.lang.Object, java.lang.Object, long)'> (0x000000070448b858) 
thrown [t:\workspace\open\src\hotspot\share\interpreter\linkResolver.cpp, line 766]
Event: 2.161 Thread 0x000002428f507cf0 Exception <a 'java/lang/IncompatibleClassChangeError'{0x0000000704161c40}: Found class java.lang.Object, but interface was expected> (0x0000000704161c40) 
thrown [t:\workspace\open\src\hotspot\share\interpreter\linkResolver.cpp, line 833]
Event: 2.184 Thread 0x000002428f507cf0 Exception <a 'java/lang/NoSuchMethodError'{0x0000000703e9eda8}: 'int java.lang.invoke.DirectMethodHandle$Holder.invokeStaticInit(java.lang.Object, java.lang.Object, java.lang.Object, java.lang.Object)'> (0x0000000703e9eda8) 
thrown [t:\workspace\open\src\hotspot\share\interpreter\linkResolver.cpp, line 766]
Event: 2.209 Thread 0x000002428f507cf0 Exception <a 'java/lang/NoSuchMethodError'{0x0000000703ff8c38}: 'java.lang.Object java.lang.invoke.DirectMethodHandle$Holder.newInvokeSpecial(java.lang.Object, java.lang.Object, int, java.lang.Object, java.lang.Object)'> (0x0000000703ff8c38) 
thrown [t:\workspace\open\src\hotspot\share\interpreter\linkResolver.cpp, line 766]
Event: 2.209 Thread 0x000002428f507cf0 Exception <a 'java/lang/NoSuchMethodError'{0x0000000703c047c8}: 'java.lang.Object java.lang.invoke.DirectMethodHandle$Holder.invokeSpecial(java.lang.Object, java.lang.Object, int, java.lang.Object, int, java.lang.Object)'> (0x0000000703c047c8) 
thrown [t:\workspace\open\src\hotspot\share\interpreter\linkResolver.cpp, line 766]
Event: 2.210 Thread 0x000002428f507cf0 Exception <a 'java/lang/NoSuchMethodError'{0x0000000703c0c5c8}: 'java.lang.Object java.lang.invoke.DirectMethodHandle$Holder.newInvokeSpecial(java.lang.Object, java.lang.Object, int, java.lang.Object, int)'> (0x0000000703c0c5c8) 
thrown [t:\workspace\open\src\hotspot\share\interpreter\linkResolver.cpp, line 766]
Event: 2.210 Thread 0x000002428f507cf0 Exception <a 'java/lang/NoSuchMethodError'{0x0000000703c106c8}: 'java.lang.Object java.lang.invoke.DirectMethodHandle$Holder.invokeSpecial(java.lang.Object, java.lang.Object, java.lang.Object, int, java.lang.Object, int)'> (0x0000000703c106c8) 
thrown [t:\workspace\open\src\hotspot\share\interpreter\linkResolver.cpp, line 766]
Event: 2.211 Thread 0x000002428f507cf0 Exception <a 'java/lang/NoSuchMethodError'{0x0000000703c1ac58}: 'void java.lang.invoke.DirectMethodHandle$Holder.invokeVirtual(java.lang.Object, java.lang.Object)'> (0x0000000703c1ac58) 
thrown [t:\workspace\open\src\hotspot\share\interpreter\linkResolver.cpp, line 766]

VM Operations (20 events):
Event: 1.921 Executing VM operation: HandshakeAllThreads
Event: 1.921 Executing VM operation: HandshakeAllThreads done
Event: 1.927 Executing VM operation: CollectForMetadataAllocation
Event: 1.938 Executing VM operation: CollectForMetadataAllocation done
Event: 1.954 Executing VM operation: G1Concurrent
Event: 1.958 Executing VM operation: G1Concurrent done
Event: 1.961 Executing VM operation: G1Concurrent
Event: 1.961 Executing VM operation: G1Concurrent done
Event: 2.000 Executing VM operation: HandshakeAllThreads
Event: 2.000 Executing VM operation: HandshakeAllThreads done
Event: 2.003 Executing VM operation: HandshakeAllThreads
Event: 2.003 Executing VM operation: HandshakeAllThreads done
Event: 2.029 Executing VM operation: HandshakeAllThreads
Event: 2.029 Executing VM operation: HandshakeAllThreads done
Event: 2.088 Executing VM operation: HandshakeAllThreads
Event: 2.088 Executing VM operation: HandshakeAllThreads done
Event: 2.089 Executing VM operation: HandshakeAllThreads
Event: 2.089 Executing VM operation: HandshakeAllThreads done
Event: 2.145 Executing VM operation: HandshakeAllThreads
Event: 2.145 Executing VM operation: HandshakeAllThreads done

Events (20 events):
Event: 2.224 loading class sun/nio/ch/UnixDomainSockets
Event: 2.224 loading class sun/nio/ch/UnixDomainSockets done
Event: 2.224 loading class sun/nio/ch/UnixDomainSocketsUtil
Event: 2.224 loading class sun/nio/ch/UnixDomainSocketsUtil done
Event: 2.229 loading class sun/nio/ch/SocketChannelImpl
Event: 2.229 loading class sun/nio/ch/SocketChannelImpl done
Event: 2.230 loading class java/nio/channels/spi/AbstractInterruptibleChannel$1
Event: 2.230 loading class sun/nio/ch/Interruptible
Event: 2.230 loading class sun/nio/ch/Interruptible done
Event: 2.230 loading class java/nio/channels/spi/AbstractInterruptibleChannel$1 done
Event: 2.230 loading class java/nio/BufferMismatch
Event: 2.231 loading class java/nio/BufferMismatch done
Event: 2.231 loading class sun/nio/ch/SourceChannelImpl
Event: 2.231 loading class java/nio/channels/Pipe$SourceChannel
Event: 2.231 loading class java/nio/channels/Pipe$SourceChannel done
Event: 2.231 loading class sun/nio/ch/SourceChannelImpl done
Event: 2.231 loading class sun/nio/ch/SinkChannelImpl
Event: 2.231 loading class java/nio/channels/Pipe$SinkChannel
Event: 2.231 loading class java/nio/channels/Pipe$SinkChannel done
Event: 2.231 loading class sun/nio/ch/SinkChannelImpl done


Dynamic libraries:
0x00007ff7274b0000 - 0x00007ff7274c0000 	C:\Program Files\Java\jdk-17.0.2\bin\java.exe
0x00007ffa01950000 - 0x00007ffa01b45000 	C:\Windows\SYSTEM32\ntdll.dll
0x00007ffa00000000 - 0x00007ffa000bd000 	C:\Windows\System32\KERNEL32.DLL
0x00007ff9ff1c0000 - 0x00007ff9ff48d000 	C:\Windows\System32\KERNELBASE.dll
0x00007ff9ff870000 - 0x00007ff9ff970000 	C:\Windows\System32\ucrtbase.dll
0x00007ff9f6090000 - 0x00007ff9f60a8000 	C:\Program Files\Java\jdk-17.0.2\bin\jli.dll
0x00007ff9fff40000 - 0x00007ff9fffee000 	C:\Windows\System32\ADVAPI32.dll
0x00007ffa00c50000 - 0x00007ffa00cee000 	C:\Windows\System32\msvcrt.dll
0x00007ffa00f20000 - 0x00007ffa00fbc000 	C:\Windows\System32\sechost.dll
0x00007ffa010e0000 - 0x00007ffa01205000 	C:\Windows\System32\RPCRT4.dll
0x00007ffa009c0000 - 0x00007ffa00b60000 	C:\Windows\System32\USER32.dll
0x00007ff9ff970000 - 0x00007ff9ff992000 	C:\Windows\System32\win32u.dll
0x00007ff9fff10000 - 0x00007ff9fff3a000 	C:\Windows\System32\GDI32.dll
0x00007ff9ff500000 - 0x00007ff9ff60b000 	C:\Windows\System32\gdi32full.dll
0x00007ff9ff120000 - 0x00007ff9ff1bd000 	C:\Windows\System32\msvcp_win.dll
0x00007ff9f2e30000 - 0x00007ff9f30ca000 	C:\Windows\WinSxS\amd64_microsoft.windows.common-controls_6595b64144ccf1df_6.0.19041.1110_none_60b5254171f9507e\COMCTL32.dll
0x00007ff9f94e0000 - 0x00007ff9f94ea000 	C:\Windows\SYSTEM32\VERSION.dll
0x00007ff9ee1c0000 - 0x00007ff9ee1da000 	C:\Program Files\Java\jdk-17.0.2\bin\VCRUNTIME140.dll
0x00007ff9ffa50000 - 0x00007ff9ffa80000 	C:\Windows\System32\IMM32.DLL
0x00007ff9f4500000 - 0x00007ff9f450c000 	C:\Program Files\Java\jdk-17.0.2\bin\vcruntime140_1.dll
0x00007ff9dc170000 - 0x00007ff9dc1fd000 	C:\Program Files\Java\jdk-17.0.2\bin\msvcp140.dll
0x00007ff9abd90000 - 0x00007ff9ac951000 	C:\Program Files\Java\jdk-17.0.2\bin\server\jvm.dll
0x00007ff9ffff0000 - 0x00007ff9ffff8000 	C:\Windows\System32\PSAPI.DLL
0x00007ff9f44d0000 - 0x00007ff9f44d9000 	C:\Windows\SYSTEM32\WSOCK32.dll
0x00007ffa00e20000 - 0x00007ffa00e8b000 	C:\Windows\System32\WS2_32.dll
0x00007ff9f2ba0000 - 0x00007ff9f2bc7000 	C:\Windows\SYSTEM32\WINMM.dll
0x00007ff9fcf60000 - 0x00007ff9fcf72000 	C:\Windows\SYSTEM32\kernel.appcore.dll
0x00007ff9f1b70000 - 0x00007ff9f1b7a000 	C:\Program Files\Java\jdk-17.0.2\bin\jimage.dll
0x00007ff9f8070000 - 0x00007ff9f8254000 	C:\Windows\SYSTEM32\DBGHELP.DLL
0x00007ff9f7c20000 - 0x00007ff9f7c4c000 	C:\Windows\SYSTEM32\dbgcore.DLL
0x00007ff9ff060000 - 0x00007ff9ff0e2000 	C:\Windows\System32\bcryptPrimitives.dll
0x00007ff9ed2a0000 - 0x00007ff9ed2c5000 	C:\Program Files\Java\jdk-17.0.2\bin\java.dll
0x00007ff9d0e90000 - 0x00007ff9d0f66000 	C:\Program Files\Java\jdk-17.0.2\bin\jsvml.dll
0x00007ffa00270000 - 0x00007ffa009b4000 	C:\Windows\System32\SHELL32.dll
0x00007ff9fd160000 - 0x00007ff9fd8f4000 	C:\Windows\SYSTEM32\windows.storage.dll
0x00007ff9ffbb0000 - 0x00007ff9fff04000 	C:\Windows\System32\combase.dll
0x00007ff9fe9f0000 - 0x00007ff9fea1c000 	C:\Windows\SYSTEM32\Wldp.dll
0x00007ff9ff9a0000 - 0x00007ff9ffa4d000 	C:\Windows\System32\SHCORE.dll
0x00007ffa01330000 - 0x00007ffa01385000 	C:\Windows\System32\shlwapi.dll
0x00007ff9fefa0000 - 0x00007ff9fefbf000 	C:\Windows\SYSTEM32\profapi.dll
0x00007ff9ed990000 - 0x00007ff9ed9a9000 	C:\Program Files\Java\jdk-17.0.2\bin\net.dll
0x00007ff9f5550000 - 0x00007ff9f565a000 	C:\Windows\SYSTEM32\WINHTTP.dll
0x0000000180000000 - 0x000000018008c000 	C:\Windows\system32\SafeIPs64.dll
0x00007ff9ffa80000 - 0x00007ff9ffbaa000 	C:\Windows\System32\ole32.dll
0x00007ff9fe440000 - 0x00007ff9fe47b000 	C:\Windows\SYSTEM32\IPHLPAPI.DLL
0x00007ffa00cf0000 - 0x00007ffa00dbd000 	C:\Windows\System32\OLEAUT32.dll
0x00007ff9fe750000 - 0x00007ff9fe7ba000 	C:\Windows\SYSTEM32\MSWSOCK.dll
0x00007ff9fef20000 - 0x00007ff9fef52000 	C:\Windows\SYSTEM32\SspiCli.dll
0x00007ff9fca80000 - 0x00007ff9fcb1e000 	C:\Windows\system32\uxtheme.dll
0x00007ffa01210000 - 0x00007ffa012b9000 	C:\Windows\System32\clbcatq.dll
0x00007ff9fee00000 - 0x00007ff9feea2000 	C:\Windows\SYSTEM32\sxs.dll
0x00007ff9ec570000 - 0x00007ff9ec586000 	C:\Program Files\Java\jdk-17.0.2\bin\nio.dll
0x00007ff9dc2d0000 - 0x00007ff9dc2e8000 	C:\Program Files\Java\jdk-17.0.2\bin\zip.dll
0x00007ff9ef5f0000 - 0x00007ff9ef600000 	C:\Program Files\Java\jdk-17.0.2\bin\verify.dll
0x00007ff9ef5a0000 - 0x00007ff9ef5a9000 	C:\Program Files\Java\jdk-17.0.2\bin\management.dll
0x00007ff9ef590000 - 0x00007ff9ef59b000 	C:\Program Files\Java\jdk-17.0.2\bin\management_ext.dll
0x00007ff9e8db0000 - 0x00007ff9e8dc7000 	C:\Windows\system32\napinsp.dll
0x00007ff9e8be0000 - 0x00007ff9e8bfb000 	C:\Windows\system32\pnrpnsp.dll
0x00007ff9fa090000 - 0x00007ff9fa0a5000 	C:\Windows\system32\wshbth.dll
0x00007ff9f8c00000 - 0x00007ff9f8c1d000 	C:\Windows\system32\NLAapi.dll
0x00007ff9fe480000 - 0x00007ff9fe54b000 	C:\Windows\SYSTEM32\DNSAPI.dll
0x00007ffa01320000 - 0x00007ffa01328000 	C:\Windows\System32\NSI.dll
0x00007ff9e8bc0000 - 0x00007ff9e8bd2000 	C:\Windows\System32\winrnr.dll
0x00007ff9f52f0000 - 0x00007ff9f52fa000 	C:\Windows\System32\rasadhlp.dll
0x00007ff9f54d0000 - 0x00007ff9f5550000 	C:\Windows\System32\fwpuclnt.dll
0x00007ff9ff0f0000 - 0x00007ff9ff117000 	C:\Windows\System32\bcrypt.dll
0x00007ff9fe940000 - 0x00007ff9fe958000 	C:\Windows\SYSTEM32\CRYPTSP.dll
0x00007ff9fe0d0000 - 0x00007ff9fe104000 	C:\Windows\system32\rsaenh.dll
0x00007ff9fef60000 - 0x00007ff9fef8e000 	C:\Windows\SYSTEM32\USERENV.dll
0x00007ff9fe960000 - 0x00007ff9fe96c000 	C:\Windows\SYSTEM32\CRYPTBASE.dll
0x00007ff9f6fc0000 - 0x00007ff9f6fd7000 	C:\Windows\SYSTEM32\dhcpcsvc6.DLL
0x00007ff9f6fa0000 - 0x00007ff9f6fbd000 	C:\Windows\SYSTEM32\dhcpcsvc.DLL
0x00007ff9ee810000 - 0x00007ff9ee81e000 	C:\Program Files\Java\jdk-17.0.2\bin\sunmscapi.dll
0x00007ff9ff610000 - 0x00007ff9ff766000 	C:\Windows\System32\CRYPT32.dll
0x00007ff9fea60000 - 0x00007ff9fea87000 	C:\Windows\SYSTEM32\ncrypt.dll
0x00007ff9fea20000 - 0x00007ff9fea5b000 	C:\Windows\SYSTEM32\NTASN1.dll
0x00007ff9ef580000 - 0x00007ff9ef587000 	C:\Windows\system32\wshunix.dll

dbghelp: loaded successfully - version: 4.0.5 - missing functions: none
symbol engine: initialized successfully - sym options: 0x614 - pdb path: .;C:\Program Files\Java\jdk-17.0.2\bin;C:\Windows\SYSTEM32;C:\Windows\WinSxS\amd64_microsoft.windows.common-controls_6595b64144ccf1df_6.0.19041.1110_none_60b5254171f9507e;C:\Program Files\Java\jdk-17.0.2\bin\server

VM Arguments:
jvm_args: -XX:TieredStopAtLevel=1 
java_command: com.cursojava.curso.CursoApplication
java_class_path (initial): C:\Users\p4nt4\Documents\cursos\spring\lucas\cursoSpring\target\classes;C:\Users\p4nt4\.m2\repository\org\springframework\boot\spring-boot\2.6.7\spring-boot-2.6.7.jar;C:\Users\p4nt4\.m2\repository\org\springframework\boot\spring-boot-autoconfigure\2.6.7\spring-boot-autoconfigure-2.6.7.jar;C:\Users\p4nt4\.m2\repository\ch\qos\logback\logback-classic\1.2.11\logback-classic-1.2.11.jar;C:\Users\p4nt4\.m2\repository\ch\qos\logback\logback-core\1.2.11\logback-core-1.2.11.jar;C:\Users\p4nt4\.m2\repository\org\apache\logging\log4j\log4j-to-slf4j\2.17.2\log4j-to-slf4j-2.17.2.jar;C:\Users\p4nt4\.m2\repository\org\apache\logging\log4j\log4j-api\2.17.2\log4j-api-2.17.2.jar;C:\Users\p4nt4\.m2\repository\org\slf4j\jul-to-slf4j\1.7.36\jul-to-slf4j-1.7.36.jar;C:\Users\p4nt4\.m2\repository\org\yaml\snakeyaml\1.29\snakeyaml-1.29.jar;C:\Users\p4nt4\.m2\repository\com\fasterxml\jackson\core\jackson-databind\2.13.2.1\jackson-databind-2.13.2.1.jar;C:\Users\p4nt4\.m2\repository\com\fasterxml\jackson\core\jackson-annotations\2.13.2\jackson-annotations-2.13.2.jar;C:\Users\p4nt4\.m2\repository\com\fasterxml\jackson\core\jackson-core\2.13.2\jackson-core-2.13.2.jar;C:\Users\p4nt4\.m2\repository\com\fasterxml\jackson\datatype\jackson-datatype-jdk8\2.13.2\jackson-datatype-jdk8-2.13.2.jar;C:\Users\p4nt4\.m2\repository\com\fasterxml\jackson\datatype\jackson-datatype-jsr310\2.13.2\jackson-datatype-jsr310-2.13.2.jar;C:\Users\p4nt4\.m2\repository\com\fasterxml\jackson\module\jackson-module-parameter-names\2.13.2\jackson-module-parameter-names-2.13.2.jar;C:\Users\p4nt4\.m2\repository\org\springframework\spring-web\5.3.19\spring-web-5.3.19.jar;C:\Users\p4nt4\.m2\repository\org\springframework\spring-beans\5.3.19\spring-beans-5.3.19.jar;C:\Users\p4nt4\.m2\repository\org\springframework\spring-webmvc\5.3.19\spring-webmvc-5.3.19.jar;C:\Users\p4nt4\.m2\repository\org\springframework\spring-aop\5.3.19\spring-aop-5.3.19.jar;C:\Users\p4nt4\.m2\repository\org\springframework\spring
Launcher Type: SUN_STANDARD

[Global flags]
     intx CICompilerCount                          = 3                                         {product} {ergonomic}
     uint ConcGCThreads                            = 1                                         {product} {ergonomic}
     uint G1ConcRefinementThreads                  = 4                                         {product} {ergonomic}
   size_t G1HeapRegionSize                         = 2097152                                   {product} {ergonomic}
    uintx GCDrainStackTargetSize                   = 64                                        {product} {ergonomic}
   size_t InitialHeapSize                          = 266338304                                 {product} {ergonomic}
   size_t MarkStackSize                            = 4194304                                   {product} {ergonomic}
   size_t MaxHeapSize                              = 4261412864                                {product} {ergonomic}
   size_t MaxNewSize                               = 2556428288                                {product} {ergonomic}
   size_t MinHeapDeltaBytes                        = 2097152                                   {product} {ergonomic}
   size_t MinHeapSize                              = 8388608                                   {product} {ergonomic}
    uintx NonProfiledCodeHeapSize                  = 0                                      {pd product} {ergonomic}
     bool ProfileInterpreter                       = false                                  {pd product} {command line}
    uintx ProfiledCodeHeapSize                     = 0                                      {pd product} {ergonomic}
   size_t SoftMaxHeapSize                          = 4261412864                             {manageable} {ergonomic}
     intx TieredStopAtLevel                        = 1                                         {product} {command line}
     bool UseCompressedClassPointers               = true                           {product lp64_product} {ergonomic}
     bool UseCompressedOops                        = true                           {product lp64_product} {ergonomic}
     bool UseG1GC                                  = true                                      {product} {ergonomic}
     bool UseLargePagesIndividualAllocation        = false                                  {pd product} {ergonomic}

Logging:
Log output configuration:
 #0: stdout all=warning uptime,level,tags
 #1: stderr all=off uptime,level,tags

Environment Variables:
JAVA_HOME=C:\Program Files\Java\jdk-15.0.2
PATH=C:\Windows\system32;C:\Windows;C:\Windows\System32\Wbem;C:\Windows\System32\WindowsPowerShell\v1.0\;C:\Windows\System32\OpenSSH\;C:\Program Files\nodejs\;C:\Program Files\Azure Data Studio\bin;C:\maven\bin;C:\Program Files\Java\jdk-15.0.2\bin;C:\Program Files\Go\bin;C:\Program Files\MongoDB\Server\5.0\bin;C:\Program Files\Microsoft SQL Server\Client SDK\ODBC\130\Tools\Binn\;C:\Program Files\Microsoft SQL Server\Client SDK\ODBC\170\Tools\Binn\;C:\Program Files (x86)\Microsoft SQL Server\150\Tools\Binn\;C:\Program Files\Microsoft SQL Server\150\Tools\Binn\;C:\Program Files\Microsoft SQL Server\150\DTS\Binn\;C:\Program Files (x86)\Microsoft SQL Server\150\DTS\Binn\;C:\Program Files\Git\cmd;C:\MinGW\bin;C:\Users\p4nt4\AppData\Local\Programs\Python\Python310\Scripts\;C:\Users\p4nt4\AppData\Local\Programs\Python\Python310\;C:\Users\p4nt4\AppData\Local\Microsoft\WindowsApps;C:\Users\p4nt4\AppData\Local\Programs\Microsoft VS Code\bin;C:\Users\p4nt4\AppData\Roaming\npm;C:\Program Files (x86)\GnuWin32\bin;;C:\Program Files\Azure Data Studio\bin;C:\Users\p4nt4\go\bin;C:\Program Files\heroku\bin
USERNAME=p4nt4
OS=Windows_NT
PROCESSOR_IDENTIFIER=Intel64 Family 6 Model 142 Stepping 9, GenuineIntel



---------------  S Y S T E M  ---------------

OS:
 Windows 10 , 64 bit Build 19041 (10.0.19041.1706)
OS uptime: 0 days 15:35 hours

CPU: total 4 (initial active 4) (2 cores per cpu, 2 threads per core) family 6 model 142 stepping 9 microcode 0xb4, cx8, cmov, fxsr, ht, mmx, 3dnowpref, sse, sse2, sse3, ssse3, sse4.1, sse4.2, popcnt, lzcnt, tsc, tscinvbit, avx, avx2, aes, erms, clmul, bmi1, bmi2, adx, fma, vzeroupper, clflush, clflushopt

Memory: 4k page, system-wide physical 16252M (8979M free)
TotalPageFile size 18684M (AvailPageFile size 10213M)
current process WorkingSet (physical memory assigned to process): 107M, peak: 134M
current process commit charge ("private bytes"): 163M, peak: 367M

vm_info: Java HotSpot(TM) 64-Bit Server VM (17.0.2+8-LTS-86) for windows-amd64 JRE (17.0.2+8-LTS-86), built on Dec  7 2021 21:51:03 by "mach5one" with MS VC++ 16.8 / 16.9 (VS2019)

END.
