#
# A fatal error has been detected by the Java Runtime Environment:
#
#  EXCEPTION_ACCESS_VIOLATION (0xc0000005) at pc=0x000000018000b8ba, pid=9072, tid=12252
#
# JRE version: Java(TM) SE Runtime Environment (17.0.2+8) (build 17.0.2+8-LTS-86)
# Java VM: Java HotSpot(TM) 64-Bit Server VM (17.0.2+8-LTS-86, mixed mode, emulated-client, sharing, tiered, compressed oops, compressed class ptrs, g1 gc, windows-amd64)
# Problematic frame:
# C  [SafeIPs64.dll+0xb8ba]
#
# No core dump will be written. Minidumps are not enabled by default on client versions of Windows
#
# If you would like to submit a bug report, please visit:
#   https://bugreport.java.com/bugreport/crash.jsp
# The crash happened outside the Java Virtual Machine in native code.
# See problematic frame for where to report the bug.
#

---------------  S U M M A R Y ------------

Command Line: -XX:TieredStopAtLevel=1 com.cursojava.curso.CursoApplication

Host: Intel(R) Core(TM) i5-7200U CPU @ 2.50GHz, 4 cores, 15G,  Windows 10 , 64 bit Build 19041 (10.0.19041.1706)
Time: Sat May 14 01:24:29 2022 Central Daylight Time (Mexico) elapsed time: 2.647329 seconds (0d 0h 0m 2s)

---------------  T H R E A D  ---------------

Current thread (0x000001b716d18650):  JavaThread "main" [_thread_in_native, id=12252, stack(0x00000022c0e00000,0x00000022c0f00000)]

Stack: [0x00000022c0e00000,0x00000022c0f00000],  sp=0x00000022c0efe7b8,  free space=1017k
Native frames: (J=compiled Java code, j=interpreted, Vv=VM code, C=native code)
C  [SafeIPs64.dll+0xb8ba]

Java frames: (J=compiled Java code, j=interpreted, Vv=VM code)
j  sun.nio.ch.WEPoll.ctl(JIJI)I+0 java.base@17.0.2
j  sun.nio.ch.WEPollSelectorImpl.<init>(Ljava/nio/channels/spi/SelectorProvider;)V+138 java.base@17.0.2
j  sun.nio.ch.WEPollSelectorProvider.openSelector()Ljava/nio/channels/spi/AbstractSelector;+5 java.base@17.0.2
j  java.nio.channels.Selector.open()Ljava/nio/channels/Selector;+3 java.base@17.0.2
j  org.apache.tomcat.util.net.NioEndpoint$Poller.<init>(Lorg/apache/tomcat/util/net/NioEndpoint;)V+48
j  org.apache.tomcat.util.net.NioEndpoint.startInternal()V+132
j  org.apache.tomcat.util.net.AbstractEndpoint.start()V+22
j  org.apache.coyote.AbstractProtocol.start()V+48
j  org.apache.catalina.connector.Connector.startInternal()V+73
j  org.apache.catalina.util.LifecycleBase.start()V+210
j  org.apache.catalina.core.StandardService.addConnector(Lorg/apache/catalina/connector/Connector;)V+74
j  org.springframework.boot.web.embedded.tomcat.TomcatWebServer.addPreviouslyRemovedConnectors()V+84
j  org.springframework.boot.web.embedded.tomcat.TomcatWebServer.start()V+18
j  org.springframework.boot.web.servlet.context.WebServerStartStopLifecycle.start()V+4
j  org.springframework.context.support.DefaultLifecycleProcessor.doStart(Ljava/util/Map;Ljava/lang/String;Z)V+173
j  org.springframework.context.support.DefaultLifecycleProcessor.access$200(Lorg/springframework/context/support/DefaultLifecycleProcessor;Ljava/util/Map;Ljava/lang/String;Z)V+4
j  org.springframework.context.support.DefaultLifecycleProcessor$LifecycleGroup.start()V+114
j  org.springframework.context.support.DefaultLifecycleProcessor$$Lambda$610+0x0000000800f31cc8.accept(Ljava/lang/Object;)V+4
j  java.lang.Iterable.forEach(Ljava/util/function/Consumer;)V+30 java.base@17.0.2
j  org.springframework.context.support.DefaultLifecycleProcessor.startBeans(Z)V+48
j  org.springframework.context.support.DefaultLifecycleProcessor.onRefresh()V+2
j  org.springframework.context.support.AbstractApplicationContext.finishRefresh()V+12
j  org.springframework.context.support.AbstractApplicationContext.refresh()V+90
j  org.springframework.boot.web.servlet.context.ServletWebServerApplicationContext.refresh()V+1
j  org.springframework.boot.SpringApplication.refresh(Lorg/springframework/context/ConfigurableApplicationContext;)V+1
j  org.springframework.boot.SpringApplication.refreshContext(Lorg/springframework/context/ConfigurableApplicationContext;)V+16
j  org.springframework.boot.SpringApplication.run([Ljava/lang/String;)Lorg/springframework/context/ConfigurableApplicationContext;+107
j  org.springframework.boot.SpringApplication.run([Ljava/lang/Class;[Ljava/lang/String;)Lorg/springframework/context/ConfigurableApplicationContext;+9
j  org.springframework.boot.SpringApplication.run(Ljava/lang/Class;[Ljava/lang/String;)Lorg/springframework/context/ConfigurableApplicationContext;+9
j  com.cursojava.curso.CursoApplication.main([Ljava/lang/String;)V+3
v  ~StubRoutines::call_stub

siginfo: EXCEPTION_ACCESS_VIOLATION (0xc0000005), reading address 0x000000000000080c


Register to memory mapping:

RIP=0x000000018000b8ba SafeIPs64.dll
RAX=0x0 is NULL
RBX=0x000001b72fb22218 points into unknown readable memory: 0x0000000000000000 | 00 00 00 00 00 00 00 00
RCX=0x000000000000080c is an unknown value
RDX=0x0000000000000002 is an unknown value
RSP=0x00000022c0efe7b8 is pointing into the stack for thread: 0x000001b716d18650
RBP=0x0000000000000808 is an unknown value
RSI=0x000001b72f98a580 points into unknown readable memory: 0x000001b72f98a580 | 80 a5 98 2f b7 01 00 00
RDI=0x0000000000000808 is an unknown value
R8 =0x0000000000000001 is an unknown value
R9 =0x000000000000080c is an unknown value
R10=0x000000000000001f is an unknown value
R11=0x000001b716d080e8 points into unknown readable memory: 0x00000000000007d0 | d0 07 00 00 00 00 00 00
R12=0x0000000000000734 is an unknown value
R13={method} {0x000001b730bee600} 'ctl' '(JIJI)I' in 'sun/nio/ch/WEPoll'
R14=0x000001b72f98a550 points into unknown readable memory: 0x0000000000000808 | 08 08 00 00 00 00 00 00
R15=0x00000022c0efe9e0 is pointing into the stack for thread: 0x000001b716d18650


Registers:
RAX=0x0000000000000000, RBX=0x000001b72fb22218, RCX=0x000000000000080c, RDX=0x0000000000000002
RSP=0x00000022c0efe7b8, RBP=0x0000000000000808, RSI=0x000001b72f98a580, RDI=0x0000000000000808
R8 =0x0000000000000001, R9 =0x000000000000080c, R10=0x000000000000001f, R11=0x000001b716d080e8
R12=0x0000000000000734, R13=0x000001b730bee5f8, R14=0x000001b72f98a550, R15=0x00000022c0efe9e0
RIP=0x000000018000b8ba, EFLAGS=0x0000000000010246

Top of Stack: (sp=0x00000022c0efe7b8)
0x00000022c0efe7b8:   000001b72fb22218 000067fa97907242
0x00000022c0efe7c8:   00000001ffffffff 00000022c0efe838
0x00000022c0efe7d8:   000000018001e879 0000000180065ec0
0x00000022c0efe7e8:   0000000000002736 000000000000080c
0x00000022c0efe7f8:   000001b72f98a580 0000000000000808
0x00000022c0efe808:   000000018000bb06 000001b72fb22218
0x00000022c0efe818:   000001b72fb22218 0000000000000000
0x00000022c0efe828:   0000000000000808 0000000000000000
0x00000022c0efe838:   0000000000002736 0000000000000000
0x00000022c0efe848:   0000000000000000 0000000000000808
0x00000022c0efe858:   00007ff9ed5576ca 000000000000080c
0x00000022c0efe868:   0000000000000802 000001b72f98a580
0x00000022c0efe878:   000001b71e596000 0000000000000000
0x00000022c0efe888:   000001b700000000 000001b700000003
0x00000022c0efe898:   0000000000000001 000001b700000000
0x00000022c0efe8a8:   0000000000000000 0000000000000000 

Instructions: (pc=0x000000018000b8ba)
0x000000018000b7ba:   32 c0 48 83 c4 50 41 5c c3 cc cc cc cc cc cc cc
0x000000018000b7ca:   cc cc cc cc cc cc 48 85 c9 74 23 8b 05 6d 09 07
0x000000018000b7da:   00 89 01 8b 05 69 09 07 00 89 41 04 8b 05 64 09
0x000000018000b7ea:   07 00 89 41 08 8b 05 5f 09 07 00 89 41 0c f3 c3
0x000000018000b7fa:   cc cc cc cc cc cc c6 01 01 c7 02 01 00 00 00 c3
0x000000018000b80a:   cc cc cc cc cc cc 48 89 5c 24 08 57 48 83 ec 70
0x000000018000b81a:   48 8b fa 8b d9 48 8d 15 f2 7c 05 00 48 8d 4c 24
0x000000018000b82a:   20 45 33 c0 48 c7 44 24 40 0f 00 00 00 48 c7 44
0x000000018000b83a:   24 38 00 00 00 00 c6 44 24 28 00 e8 56 74 ff ff
0x000000018000b84a:   4c 8d 4c 24 20 48 8d 4c 24 48 41 b0 01 8b d3 e8
0x000000018000b85a:   b2 0f 02 00 48 83 78 20 10 72 06 48 8b 48 08 eb
0x000000018000b86a:   05 48 8d 48 08 90 0f b6 01 48 ff c7 48 ff c1 88
0x000000018000b87a:   47 ff 84 c0 75 f0 48 83 7c 24 68 10 72 0a 48 8b
0x000000018000b88a:   4c 24 50 e8 12 9b 03 00 48 8b 9c 24 80 00 00 00
0x000000018000b89a:   48 83 c4 70 5f c3 48 83 ec 48 0f b6 c2 a9 fc ff
0x000000018000b8aa:   ff ff 0f 85 3c 66 01 00 f6 ff 25 00 00 00 00 53
0x000000018000b8ba:   df 01 00 fa 7f 00 00 af 04 24 89 04 24 8b 44 24
0x000000018000b8ca:   04 0f af 04 24 83 c0 01 89 04 24 8b 44 24 04 0f
0x000000018000b8da:   af 04 24 83 c0 02 89 04 24 8b 44 24 04 0f af 04
0x000000018000b8ea:   24 83 c0 03 89 04 24 8b 44 24 04 0f af 04 24 83
0x000000018000b8fa:   c0 04 89 04 24 8b 44 24 04 0f af 04 24 83 c0 05
0x000000018000b90a:   89 04 24 8b 44 24 04 0f af 04 24 83 c0 06 89 04
0x000000018000b91a:   24 8b 44 24 04 0f af 04 24 83 c0 07 89 04 24 8b
0x000000018000b92a:   44 24 04 0f af 04 24 83 c0 08 89 04 24 8b 44 24
0x000000018000b93a:   04 0f af 04 24 83 c0 09 89 04 24 8b 44 24 04 0f
0x000000018000b94a:   af 04 24 83 c0 0a 89 04 24 8b 44 24 04 0f af 04
0x000000018000b95a:   24 83 c0 0b 89 04 24 8b 44 24 04 0f af 04 24 83
0x000000018000b96a:   c0 0d 89 04 24 8b 44 24 04 0f af 04 24 83 c0 0e
0x000000018000b97a:   89 04 24 8b 44 24 04 0f af 04 24 83 c0 0f 89 04
0x000000018000b98a:   24 8b 44 24 04 0f af 04 24 83 c0 10 89 04 24 8b
0x000000018000b99a:   44 24 04 0f af 04 24 83 c0 11 89 04 24 8b 44 24
0x000000018000b9aa:   04 0f af 04 24 83 c0 12 89 04 24 8b 44 24 04 0f 


Stack slot to memory mapping:
stack at sp + 0 slots: 0x000001b72fb22218 points into unknown readable memory: 0x0000000000000000 | 00 00 00 00 00 00 00 00
stack at sp + 1 slots: 0x000067fa97907242 is an unknown value
stack at sp + 2 slots: 0x00000001ffffffff is an unknown value
stack at sp + 3 slots: 0x00000022c0efe838 is pointing into the stack for thread: 0x000001b716d18650
stack at sp + 4 slots: 0x000000018001e879 SafeIPs64.dll
stack at sp + 5 slots: 0x0000000180065ec0 SafeIPs64.dll
stack at sp + 6 slots: 0x0000000000002736 is an unknown value
stack at sp + 7 slots: 0x000000000000080c is an unknown value


---------------  P R O C E S S  ---------------

Threads class SMR info:
_java_thread_list=0x000001b72fb21ae0, length=26, elements={
0x000001b716d18650, 0x000001b72cefd560, 0x000001b72cefe2e0, 0x000001b72cf19420,
0x000001b72cf19ce0, 0x000001b72cf1a5a0, 0x000001b72cf22e70, 0x000001b72cf26ce0,
0x000001b72cf285f0, 0x000001b72d9c2270, 0x000001b72d9c7ae0, 0x000001b72d9e51d0,
0x000001b72d9e9ae0, 0x000001b72f93dff0, 0x000001b72fa00020, 0x000001b72fa11bf0,
0x000001b72fb4b020, 0x000001b72fb4b4f0, 0x000001b72fb4b9c0, 0x000001b72fb4be90,
0x000001b72fb4c360, 0x000001b72fb48230, 0x000001b72fb4a8b0, 0x000001b72fb47890,
0x000001b72fb4a3e0, 0x000001b72fb43060
}

Java Threads: ( => current thread )
=>0x000001b716d18650 JavaThread "main" [_thread_in_native, id=12252, stack(0x00000022c0e00000,0x00000022c0f00000)]
  0x000001b72cefd560 JavaThread "Reference Handler" daemon [_thread_blocked, id=3852, stack(0x00000022c1500000,0x00000022c1600000)]
  0x000001b72cefe2e0 JavaThread "Finalizer" daemon [_thread_blocked, id=3508, stack(0x00000022c1600000,0x00000022c1700000)]
  0x000001b72cf19420 JavaThread "Signal Dispatcher" daemon [_thread_blocked, id=5704, stack(0x00000022c1700000,0x00000022c1800000)]
  0x000001b72cf19ce0 JavaThread "Attach Listener" daemon [_thread_blocked, id=10388, stack(0x00000022c1800000,0x00000022c1900000)]
  0x000001b72cf1a5a0 JavaThread "Service Thread" daemon [_thread_blocked, id=12148, stack(0x00000022c1900000,0x00000022c1a00000)]
  0x000001b72cf22e70 JavaThread "Monitor Deflation Thread" daemon [_thread_blocked, id=13896, stack(0x00000022c1a00000,0x00000022c1b00000)]
  0x000001b72cf26ce0 JavaThread "C1 CompilerThread0" daemon [_thread_blocked, id=13816, stack(0x00000022c1b00000,0x00000022c1c00000)]
  0x000001b72cf285f0 JavaThread "Sweeper thread" daemon [_thread_blocked, id=2864, stack(0x00000022c1c00000,0x00000022c1d00000)]
  0x000001b72d9c2270 JavaThread "C1 CompilerThread1" daemon [_thread_blocked, id=14120, stack(0x00000022c1d00000,0x00000022c1e00000)]
  0x000001b72d9c7ae0 JavaThread "C1 CompilerThread2" daemon [_thread_blocked, id=10024, stack(0x00000022c1e00000,0x00000022c1f00000)]
  0x000001b72d9e51d0 JavaThread "Notification Thread" daemon [_thread_blocked, id=220, stack(0x00000022c1f00000,0x00000022c2000000)]
  0x000001b72d9e9ae0 JavaThread "Common-Cleaner" daemon [_thread_blocked, id=10744, stack(0x00000022c2100000,0x00000022c2200000)]
  0x000001b72f93dff0 JavaThread "Catalina-utility-1" [_thread_blocked, id=10168, stack(0x00000022c2e80000,0x00000022c2f80000)]
  0x000001b72fa00020 JavaThread "Catalina-utility-2" [_thread_blocked, id=11220, stack(0x00000022c2f80000,0x00000022c3080000)]
  0x000001b72fa11bf0 JavaThread "container-0" [_thread_blocked, id=11740, stack(0x00000022c3080000,0x00000022c3180000)]
  0x000001b72fb4b020 JavaThread "http-nio-8080-exec-1" daemon [_thread_blocked, id=10760, stack(0x00000022c3180000,0x00000022c3280000)]
  0x000001b72fb4b4f0 JavaThread "http-nio-8080-exec-2" daemon [_thread_blocked, id=13320, stack(0x00000022c3280000,0x00000022c3380000)]
  0x000001b72fb4b9c0 JavaThread "http-nio-8080-exec-3" daemon [_thread_blocked, id=13428, stack(0x00000022c3380000,0x00000022c3480000)]
  0x000001b72fb4be90 JavaThread "http-nio-8080-exec-4" daemon [_thread_blocked, id=2824, stack(0x00000022c3480000,0x00000022c3580000)]
  0x000001b72fb4c360 JavaThread "http-nio-8080-exec-5" daemon [_thread_blocked, id=13460, stack(0x00000022c3580000,0x00000022c3680000)]
  0x000001b72fb48230 JavaThread "http-nio-8080-exec-6" daemon [_thread_blocked, id=10208, stack(0x00000022c3680000,0x00000022c3780000)]
  0x000001b72fb4a8b0 JavaThread "http-nio-8080-exec-7" daemon [_thread_blocked, id=12788, stack(0x00000022c3780000,0x00000022c3880000)]
  0x000001b72fb47890 JavaThread "http-nio-8080-exec-8" daemon [_thread_blocked, id=10920, stack(0x00000022c3880000,0x00000022c3980000)]
  0x000001b72fb4a3e0 JavaThread "http-nio-8080-exec-9" daemon [_thread_blocked, id=9664, stack(0x00000022c3980000,0x00000022c3a80000)]
  0x000001b72fb43060 JavaThread "http-nio-8080-exec-10" daemon [_thread_blocked, id=8236, stack(0x00000022c3a80000,0x00000022c3b80000)]

Other Threads:
  0x000001b72cef7a40 VMThread "VM Thread" [stack: 0x00000022c1400000,0x00000022c1500000] [id=6952]
  0x000001b72d9e96b0 WatcherThread [stack: 0x00000022c2000000,0x00000022c2100000] [id=11032]
  0x000001b716d66ce0 GCTaskThread "GC Thread#0" [stack: 0x00000022c0f00000,0x00000022c1000000] [id=14180]
  0x000001b72e69cae0 GCTaskThread "GC Thread#1" [stack: 0x00000022c2600000,0x00000022c2700000] [id=12820]
  0x000001b72e69cd90 GCTaskThread "GC Thread#2" [stack: 0x00000022c2b80000,0x00000022c2c80000] [id=12576]
  0x000001b72e685d20 GCTaskThread "GC Thread#3" [stack: 0x00000022c2c80000,0x00000022c2d80000] [id=10060]
  0x000001b716d77930 ConcurrentGCThread "G1 Main Marker" [stack: 0x00000022c1000000,0x00000022c1100000] [id=4172]
  0x000001b716d789f0 ConcurrentGCThread "G1 Conc#0" [stack: 0x00000022c1100000,0x00000022c1200000] [id=8520]
  0x000001b72cdc20c0 ConcurrentGCThread "G1 Refine#0" [stack: 0x00000022c1200000,0x00000022c1300000] [id=12004]
  0x000001b72e685fd0 ConcurrentGCThread "G1 Refine#1" [stack: 0x00000022c2d80000,0x00000022c2e80000] [id=780]
  0x000001b72cdc29f0 ConcurrentGCThread "G1 Service" [stack: 0x00000022c1300000,0x00000022c1400000] [id=9184]

Threads with active compile tasks:

VM state: not at safepoint (normal execution)

VM Mutex/Monitor currently owned by a thread: None

Heap address: 0x0000000702000000, size: 4064 MB, Compressed Oops mode: Zero based, Oop shift amount: 3

CDS archive(s) mapped at: [0x0000000800000000-0x0000000800bc0000-0x0000000800bc0000), size 12320768, SharedBaseAddress: 0x0000000800000000, ArchiveRelocationMode: 0.
Compressed class space mapped at: 0x0000000800c00000-0x0000000840c00000, reserved size: 1073741824
Narrow klass base: 0x0000000800000000, Narrow klass shift: 0, Narrow klass range: 0x100000000

GC Precious Log:
 CPUs: 4 total, 4 available
 Memory: 16252M
 Large Page Support: Disabled
 NUMA Support: Disabled
 Compressed Oops: Enabled (Zero based)
 Heap Region Size: 2M
 Heap Min Capacity: 8M
 Heap Initial Capacity: 254M
 Heap Max Capacity: 4064M
 Pre-touch: Disabled
 Parallel Workers: 4
 Concurrent Workers: 1
 Concurrent Refinement Workers: 4
 Periodic GC: Disabled

Heap:
 garbage-first heap   total 55296K, used 30720K [0x0000000702000000, 0x0000000800000000)
  region size 2048K, 15 young (30720K), 4 survivors (8192K)
 Metaspace       used 23674K, committed 24000K, reserved 1073152K
  class space    used 3216K, committed 3392K, reserved 1048576K

Heap Regions: E=young(eden), S=young(survivor), O=old, HS=humongous(starts), HC=humongous(continues), CS=collection set, F=free, OA=open archive, CA=closed archive, TAMS=top-at-mark-start (previous, next)
|   0|0x0000000702000000, 0x0000000702200000, 0x0000000702200000|100%| O|  |TAMS 0x0000000702200000, 0x0000000702000000| Untracked 
|   1|0x0000000702200000, 0x0000000702396600, 0x0000000702400000| 79%| O|  |TAMS 0x0000000702396600, 0x0000000702200000| Complete 
|   2|0x0000000702400000, 0x0000000702400000, 0x0000000702600000|  0%| F|  |TAMS 0x0000000702400000, 0x0000000702400000| Untracked 
|   3|0x0000000702600000, 0x0000000702600000, 0x0000000702800000|  0%| F|  |TAMS 0x0000000702600000, 0x0000000702600000| Untracked 
|   4|0x0000000702800000, 0x0000000702800000, 0x0000000702a00000|  0%| F|  |TAMS 0x0000000702800000, 0x0000000702800000| Untracked 
|   5|0x0000000702a00000, 0x0000000702a00000, 0x0000000702c00000|  0%| F|  |TAMS 0x0000000702a00000, 0x0000000702a00000| Untracked 
|   6|0x0000000702c00000, 0x0000000702c00000, 0x0000000702e00000|  0%| F|  |TAMS 0x0000000702c00000, 0x0000000702c00000| Untracked 
|   7|0x0000000702e00000, 0x0000000702e00000, 0x0000000703000000|  0%| F|  |TAMS 0x0000000702e00000, 0x0000000702e00000| Untracked 
|   8|0x0000000703000000, 0x0000000703000000, 0x0000000703200000|  0%| F|  |TAMS 0x0000000703000000, 0x0000000703000000| Untracked 
|   9|0x0000000703200000, 0x0000000703200000, 0x0000000703400000|  0%| F|  |TAMS 0x0000000703200000, 0x0000000703200000| Untracked 
|  10|0x0000000703400000, 0x0000000703400000, 0x0000000703600000|  0%| F|  |TAMS 0x0000000703400000, 0x0000000703400000| Untracked 
|  11|0x0000000703600000, 0x0000000703600000, 0x0000000703800000|  0%| F|  |TAMS 0x0000000703600000, 0x0000000703600000| Untracked 
|  12|0x0000000703800000, 0x0000000703800800, 0x0000000703a00000|  0%| E|  |TAMS 0x0000000703800000, 0x0000000703800000| Complete 
|  13|0x0000000703a00000, 0x0000000703c00000, 0x0000000703c00000|100%| E|CS|TAMS 0x0000000703a00000, 0x0000000703a00000| Complete 
|  14|0x0000000703c00000, 0x0000000703e00000, 0x0000000703e00000|100%| E|CS|TAMS 0x0000000703c00000, 0x0000000703c00000| Complete 
|  15|0x0000000703e00000, 0x0000000704000000, 0x0000000704000000|100%| E|CS|TAMS 0x0000000703e00000, 0x0000000703e00000| Complete 
|  16|0x0000000704000000, 0x0000000704200000, 0x0000000704200000|100%| E|CS|TAMS 0x0000000704000000, 0x0000000704000000| Complete 
|  17|0x0000000704200000, 0x0000000704400000, 0x0000000704400000|100%| E|CS|TAMS 0x0000000704200000, 0x0000000704200000| Complete 
|  18|0x0000000704400000, 0x0000000704600000, 0x0000000704600000|100%| E|CS|TAMS 0x0000000704400000, 0x0000000704400000| Complete 
|  19|0x0000000704600000, 0x0000000704800000, 0x0000000704800000|100%| E|CS|TAMS 0x0000000704600000, 0x0000000704600000| Complete 
|  20|0x0000000704800000, 0x0000000704a00000, 0x0000000704a00000|100%| E|CS|TAMS 0x0000000704800000, 0x0000000704800000| Complete 
|  97|0x000000070e200000, 0x000000070e269a50, 0x000000070e400000| 20%| S|CS|TAMS 0x000000070e200000, 0x000000070e200000| Complete 
|  98|0x000000070e400000, 0x000000070e600000, 0x000000070e600000|100%| S|CS|TAMS 0x000000070e400000, 0x000000070e400000| Complete 
|  99|0x000000070e600000, 0x000000070e800000, 0x000000070e800000|100%| S|CS|TAMS 0x000000070e600000, 0x000000070e600000| Complete 
| 100|0x000000070e800000, 0x000000070ea00000, 0x000000070ea00000|100%| S|CS|TAMS 0x000000070e800000, 0x000000070e800000| Complete 
| 125|0x0000000711a00000, 0x0000000711c00000, 0x0000000711c00000|100%| E|CS|TAMS 0x0000000711a00000, 0x0000000711a00000| Complete 
| 126|0x0000000711c00000, 0x0000000711e00000, 0x0000000711e00000|100%| E|CS|TAMS 0x0000000711c00000, 0x0000000711c00000| Complete 

Card table byte_map: [0x000001b721d60000,0x000001b722550000] _byte_map_base: 0x000001b71e550000

Marking Bits (Prev, Next): (CMBitMap*) 0x000001b716d67240, (CMBitMap*) 0x000001b716d67200
 Prev Bits: [0x000001b726cc0000, 0x000001b72ac40000)
 Next Bits: [0x000001b722d40000, 0x000001b726cc0000)

Polling page: 0x000001b714c70000

Metaspace:

Usage:
  Non-class:     19.98 MB used.
      Class:      3.14 MB used.
       Both:     23.12 MB used.

Virtual space:
  Non-class space:       24.00 MB reserved,      20.12 MB ( 84%) committed,  3 nodes.
      Class space:        1.00 GB reserved,       3.31 MB ( <1%) committed,  1 nodes.
             Both:        1.02 GB reserved,      23.44 MB (  2%) committed. 

Chunk freelists:
   Non-Class:  2.94 MB
       Class:  551.00 KB
        Both:  3.48 MB

MaxMetaspaceSize: unlimited
CompressedClassSpaceSize: 1.00 GB
Initial GC threshold: 21.00 MB
Current GC threshold: 35.12 MB
CDS: on
MetaspaceReclaimPolicy: balanced
 - commit_granule_bytes: 65536.
 - commit_granule_words: 8192.
 - virtual_space_node_default_size: 1048576.
 - enlarge_chunks_in_place: 1.
 - new_chunks_are_fully_committed: 0.
 - uncommit_free_chunks: 1.
 - use_allocation_guard: 0.
 - handle_deallocations: 1.


Internal statistics:

num_allocs_failed_limit: 3.
num_arena_births: 310.
num_arena_deaths: 0.
num_vsnodes_births: 4.
num_vsnodes_deaths: 0.
num_space_committed: 375.
num_space_uncommitted: 0.
num_chunks_returned_to_freelist: 3.
num_chunks_taken_from_freelist: 1189.
num_chunk_merges: 3.
num_chunk_splits: 791.
num_chunks_enlarged: 579.
num_purges: 0.
num_inconsistent_stats: 0.

CodeCache: size=49152Kb used=7141Kb max_used=7141Kb free=42010Kb
 bounds [0x000001b71e570000, 0x000001b71ec70000, 0x000001b721570000]
 total_blobs=3600 nmethods=3126 adapters=399
 compilation: enabled
              stopped_count=0, restarted_count=0
 full_count=0

Compilation events (20 events):
Event: 2.607 Thread 0x000001b72cf26ce0 3115       1       java.lang.invoke.MethodType::methodType (14 bytes)
Event: 2.608 Thread 0x000001b72cf26ce0 nmethod 3115 0x000001b71ec63b90 code [0x000001b71ec63d40, 0x000001b71ec63f68]
Event: 2.608 Thread 0x000001b72cf26ce0 3116       1       jdk.internal.loader.ClassLoaders::platformClassLoader (4 bytes)
Event: 2.608 Thread 0x000001b72cf26ce0 nmethod 3116 0x000001b71ec64090 code [0x000001b71ec64220, 0x000001b71ec642d8]
Event: 2.616 Thread 0x000001b72d9c2270 3117       1       java.nio.Buffer::mark (10 bytes)
Event: 2.616 Thread 0x000001b72d9c7ae0 3118       1       java.util.ResourceBundle$CacheKey::getName (5 bytes)
Event: 2.616 Thread 0x000001b72d9c2270 nmethod 3117 0x000001b71ec64990 code [0x000001b71ec64b20, 0x000001b71ec64bf8]
Event: 2.616 Thread 0x000001b72d9c7ae0 nmethod 3118 0x000001b71ec64c90 code [0x000001b71ec64e20, 0x000001b71ec64ef8]
Event: 2.628 Thread 0x000001b72d9c7ae0 3119       1       sun.security.provider.DigestBase::engineUpdate (189 bytes)
Event: 2.628 Thread 0x000001b72d9c2270 3122       1       java.lang.invoke.VarHandleByteArrayAsInts$ArrayHandle::set (39 bytes)
Event: 2.628 Thread 0x000001b72cf26ce0 3121       1       java.lang.invoke.VarHandleGuards::guard_LII_V (137 bytes)
Event: 2.629 Thread 0x000001b72d9c2270 nmethod 3122 0x000001b71ec65690 code [0x000001b71ec65880, 0x000001b71ec65d18]
Event: 2.629 Thread 0x000001b72d9c2270 3123       1       jdk.internal.misc.Unsafe::putIntUnaligned (14 bytes)
Event: 2.629 Thread 0x000001b72d9c7ae0 nmethod 3119 0x000001b71ec66010 code [0x000001b71ec66220, 0x000001b71ec66848]
Event: 2.629 Thread 0x000001b72d9c7ae0 3124       1       jdk.internal.misc.Unsafe::putIntUnaligned (79 bytes)
Event: 2.629 Thread 0x000001b72d9c2270 nmethod 3123 0x000001b71ec66b10 code [0x000001b71ec66ca0, 0x000001b71ec66db8]
Event: 2.629 Thread 0x000001b72d9c7ae0 nmethod 3124 0x000001b71ec67110 code [0x000001b71ec672c0, 0x000001b71ec674a8]
Event: 2.630 Thread 0x000001b72cf26ce0 nmethod 3121 0x000001b71ec67510 code [0x000001b71ec67820, 0x000001b71ec688d8]
Event: 2.632 Thread 0x000001b72d9c2270 3126       1       java.nio.Buffer::capacity (5 bytes)
Event: 2.632 Thread 0x000001b72d9c2270 nmethod 3126 0x000001b71ec69210 code [0x000001b71ec693a0, 0x000001b71ec69478]

GC Heap History (8 events):
Event: 0.491 GC heap before
{Heap before GC invocations=0 (full 0):
 garbage-first heap   total 260096K, used 12288K [0x0000000702000000, 0x0000000800000000)
  region size 2048K, 6 young (12288K), 0 survivors (0K)
 Metaspace       used 3030K, committed 3136K, reserved 1056768K
  class space    used 378K, committed 448K, reserved 1048576K
}
Event: 0.495 GC heap after
{Heap after GC invocations=1 (full 0):
 garbage-first heap   total 260096K, used 3591K [0x0000000702000000, 0x0000000800000000)
  region size 2048K, 1 young (2048K), 1 survivors (2048K)
 Metaspace       used 3030K, committed 3136K, reserved 1056768K
  class space    used 378K, committed 448K, reserved 1048576K
}
Event: 0.780 GC heap before
{Heap before GC invocations=1 (full 0):
 garbage-first heap   total 260096K, used 13831K [0x0000000702000000, 0x0000000800000000)
  region size 2048K, 6 young (12288K), 1 survivors (2048K)
 Metaspace       used 5366K, committed 5568K, reserved 1056768K
  class space    used 750K, committed 832K, reserved 1048576K
}
Event: 0.785 GC heap after
{Heap after GC invocations=2 (full 0):
 garbage-first heap   total 260096K, used 4624K [0x0000000702000000, 0x0000000800000000)
  region size 2048K, 1 young (2048K), 1 survivors (2048K)
 Metaspace       used 5366K, committed 5568K, reserved 1056768K
  class space    used 750K, committed 832K, reserved 1048576K
}
Event: 1.101 GC heap before
{Heap before GC invocations=2 (full 0):
 garbage-first heap   total 260096K, used 27152K [0x0000000702000000, 0x0000000800000000)
  region size 2048K, 13 young (26624K), 1 survivors (2048K)
 Metaspace       used 11974K, committed 12160K, reserved 1064960K
  class space    used 1609K, committed 1664K, reserved 1048576K
}
Event: 1.104 GC heap after
{Heap after GC invocations=3 (full 0):
 garbage-first heap   total 260096K, used 5712K [0x0000000702000000, 0x0000000800000000)
  region size 2048K, 1 young (2048K), 1 survivors (2048K)
 Metaspace       used 11974K, committed 12160K, reserved 1064960K
  class space    used 1609K, committed 1664K, reserved 1048576K
}
Event: 2.279 GC heap before
{Heap before GC invocations=3 (full 0):
 garbage-first heap   total 260096K, used 54864K [0x0000000702000000, 0x0000000800000000)
  region size 2048K, 26 young (53248K), 1 survivors (2048K)
 Metaspace       used 21222K, committed 21504K, reserved 1073152K
  class space    used 2867K, committed 3008K, reserved 1048576K
}
Event: 2.288 GC heap after
{Heap after GC invocations=4 (full 0):
 garbage-first heap   total 260096K, used 10240K [0x0000000702000000, 0x0000000800000000)
  region size 2048K, 4 young (8192K), 4 survivors (8192K)
 Metaspace       used 21222K, committed 21504K, reserved 1073152K
  class space    used 2867K, committed 3008K, reserved 1048576K
}

Deoptimization events (10 events):
Event: 0.467 Thread 0x000001b716d18650 DEOPT PACKING pc=0x000001b71e8b4f81 sp=0x00000022c0efd6b0
Event: 0.467 Thread 0x000001b716d18650 DEOPT UNPACKING pc=0x000001b71e5c2b43 sp=0x00000022c0efcb20 mode 3
Event: 1.095 Thread 0x000001b716d18650 DEOPT PACKING pc=0x000001b71e9c69f9 sp=0x00000022c0efd570
Event: 1.095 Thread 0x000001b716d18650 DEOPT UNPACKING pc=0x000001b71e5c2b43 sp=0x00000022c0efca50 mode 3
Event: 1.677 Thread 0x000001b716d18650 DEOPT PACKING pc=0x000001b71eb44881 sp=0x00000022c0efe3f0
Event: 1.677 Thread 0x000001b716d18650 DEOPT UNPACKING pc=0x000001b71e5c2b43 sp=0x00000022c0efd860 mode 3
Event: 2.278 Thread 0x000001b72f93dff0 DEOPT PACKING pc=0x000001b71e9d7a9f sp=0x00000022c2f7ed30
Event: 2.278 Thread 0x000001b72fa00020 DEOPT PACKING pc=0x000001b71ea15f09 sp=0x00000022c307f080
Event: 2.278 Thread 0x000001b72f93dff0 DEOPT UNPACKING pc=0x000001b71e5c2b43 sp=0x00000022c2f7e188 mode 3
Event: 2.278 Thread 0x000001b72fa00020 DEOPT UNPACKING pc=0x000001b71e5c2b43 sp=0x00000022c307e518 mode 3

Classes unloaded (0 events):
No events

Classes redefined (0 events):
No events

Internal exceptions (20 events):
Event: 2.266 Thread 0x000001b716d18650 Exception <a 'java/io/FileNotFoundException'{0x000000070eaa00c8}> (0x000000070eaa00c8) 
thrown [t:\workspace\open\src\hotspot\share\prims\jni.cpp, line 516]
Event: 2.334 Thread 0x000001b716d18650 Exception <a 'java/lang/ClassNotFoundException'{0x0000000711a99ab8}: java/lang/ObjectCustomizer> (0x0000000711a99ab8) 
thrown [t:\workspace\open\src\hotspot\share\classfile\systemDictionary.cpp, line 256]
Event: 2.335 Thread 0x000001b716d18650 Exception <a 'java/lang/ClassNotFoundException'{0x0000000711aa0b98}: org/springframework/web/servlet/config/annotation/WebMvcConfigurationSupportCustomizer> (0x0000000711aa0b98) 
thrown [t:\workspace\open\src\hotspot\share\classfile\systemDictionary.cpp, line 256]
Event: 2.336 Thread 0x000001b716d18650 Exception <a 'java/lang/ClassNotFoundException'{0x0000000711ab4058}: org/springframework/web/servlet/config/annotation/DelegatingWebMvcConfigurationCustomizer> (0x0000000711ab4058) 
thrown [t:\workspace\open\src\hotspot\share\classfile\systemDictionary.cpp, line 256]
Event: 2.337 Thread 0x000001b716d18650 Exception <a 'java/lang/ClassNotFoundException'{0x0000000711abcbf8}: org/springframework/boot/autoconfigure/web/servlet/WebMvcAutoConfiguration$EnableWebMvcConfigurationCustomizer> (0x0000000711abcbf8) 
thrown [t:\workspace\open\src\hotspot\share\classfile\systemDictionary.cpp, line 256]
Event: 2.338 Thread 0x000001b716d18650 Exception <a 'java/lang/ClassNotFoundException'{0x0000000711ad0748}: org/springframework/context/ResourceLoaderAwareCustomizer> (0x0000000711ad0748) 
thrown [t:\workspace\open\src\hotspot\share\classfile\systemDictionary.cpp, line 256]
Event: 2.338 Thread 0x000001b716d18650 Exception <a 'java/lang/ClassNotFoundException'{0x0000000711ad4c10}: org/springframework/beans/factory/AwareCustomizer> (0x0000000711ad4c10) 
thrown [t:\workspace\open\src\hotspot\share\classfile\systemDictionary.cpp, line 256]
Event: 2.338 Thread 0x000001b716d18650 Exception <a 'java/lang/ClassNotFoundException'{0x0000000711ae4998}: org/springframework/context/ApplicationContextAwareCustomizer> (0x0000000711ae4998) 
thrown [t:\workspace\open\src\hotspot\share\classfile\systemDictionary.cpp, line 256]
Event: 2.339 Thread 0x000001b716d18650 Exception <a 'java/lang/ClassNotFoundException'{0x0000000711ae9960}: org/springframework/beans/factory/AwareCustomizer> (0x0000000711ae9960) 
thrown [t:\workspace\open\src\hotspot\share\classfile\systemDictionary.cpp, line 256]
Event: 2.339 Thread 0x000001b716d18650 Exception <a 'java/lang/ClassNotFoundException'{0x0000000711aed190}: org/springframework/web/context/ServletContextAwareCustomizer> (0x0000000711aed190) 
thrown [t:\workspace\open\src\hotspot\share\classfile\systemDictionary.cpp, line 256]
Event: 2.339 Thread 0x000001b716d18650 Exception <a 'java/lang/ClassNotFoundException'{0x0000000711af1a90}: org/springframework/beans/factory/AwareCustomizer> (0x0000000711af1a90) 
thrown [t:\workspace\open\src\hotspot\share\classfile\systemDictionary.cpp, line 256]
Event: 2.440 Thread 0x000001b716d18650 Exception <a 'java/lang/NoSuchMethodError'{0x0000000704701e90}: 'void java.lang.invoke.DirectMethodHandle$Holder.invokeVirtual(java.lang.Object, java.lang.Object, int)'> (0x0000000704701e90) 
thrown [t:\workspace\open\src\hotspot\share\interpreter\linkResolver.cpp, line 766]
Event: 2.444 Thread 0x000001b716d18650 Exception <a 'java/lang/NoSuchMethodError'{0x000000070471ca20}: 'void java.lang.invoke.DirectMethodHandle$Holder.invokeVirtual(java.lang.Object, java.lang.Object, long)'> (0x000000070471ca20) 
thrown [t:\workspace\open\src\hotspot\share\interpreter\linkResolver.cpp, line 766]
Event: 2.550 Thread 0x000001b716d18650 Exception <a 'java/lang/IncompatibleClassChangeError'{0x00000007043f6970}: Found class java.lang.Object, but interface was expected> (0x00000007043f6970) 
thrown [t:\workspace\open\src\hotspot\share\interpreter\linkResolver.cpp, line 833]
Event: 2.574 Thread 0x000001b716d18650 Exception <a 'java/lang/NoSuchMethodError'{0x0000000704131310}: 'int java.lang.invoke.DirectMethodHandle$Holder.invokeStaticInit(java.lang.Object, java.lang.Object, java.lang.Object, java.lang.Object)'> (0x0000000704131310) 
thrown [t:\workspace\open\src\hotspot\share\interpreter\linkResolver.cpp, line 766]
Event: 2.603 Thread 0x000001b716d18650 Exception <a 'java/lang/NoSuchMethodError'{0x0000000703e8a5b8}: 'java.lang.Object java.lang.invoke.DirectMethodHandle$Holder.newInvokeSpecial(java.lang.Object, java.lang.Object, int, java.lang.Object, java.lang.Object)'> (0x0000000703e8a5b8) 
thrown [t:\workspace\open\src\hotspot\share\interpreter\linkResolver.cpp, line 766]
Event: 2.604 Thread 0x000001b716d18650 Exception <a 'java/lang/NoSuchMethodError'{0x0000000703e95e08}: 'java.lang.Object java.lang.invoke.DirectMethodHandle$Holder.invokeSpecial(java.lang.Object, java.lang.Object, int, java.lang.Object, int, java.lang.Object)'> (0x0000000703e95e08) 
thrown [t:\workspace\open\src\hotspot\share\interpreter\linkResolver.cpp, line 766]
Event: 2.604 Thread 0x000001b716d18650 Exception <a 'java/lang/NoSuchMethodError'{0x0000000703e9dc08}: 'java.lang.Object java.lang.invoke.DirectMethodHandle$Holder.newInvokeSpecial(java.lang.Object, java.lang.Object, int, java.lang.Object, int)'> (0x0000000703e9dc08) 
thrown [t:\workspace\open\src\hotspot\share\interpreter\linkResolver.cpp, line 766]
Event: 2.605 Thread 0x000001b716d18650 Exception <a 'java/lang/NoSuchMethodError'{0x0000000703ea1d08}: 'java.lang.Object java.lang.invoke.DirectMethodHandle$Holder.invokeSpecial(java.lang.Object, java.lang.Object, java.lang.Object, int, java.lang.Object, int)'> (0x0000000703ea1d08) 
thrown [t:\workspace\open\src\hotspot\share\interpreter\linkResolver.cpp, line 766]
Event: 2.606 Thread 0x000001b716d18650 Exception <a 'java/lang/NoSuchMethodError'{0x0000000703eac298}: 'void java.lang.invoke.DirectMethodHandle$Holder.invokeVirtual(java.lang.Object, java.lang.Object)'> (0x0000000703eac298) 
thrown [t:\workspace\open\src\hotspot\share\interpreter\linkResolver.cpp, line 766]

VM Operations (20 events):
Event: 2.270 Executing VM operation: HandshakeAllThreads
Event: 2.270 Executing VM operation: HandshakeAllThreads done
Event: 2.279 Executing VM operation: CollectForMetadataAllocation
Event: 2.288 Executing VM operation: CollectForMetadataAllocation done
Event: 2.301 Executing VM operation: G1Concurrent
Event: 2.303 Executing VM operation: G1Concurrent done
Event: 2.306 Executing VM operation: G1Concurrent
Event: 2.306 Executing VM operation: G1Concurrent done
Event: 2.347 Executing VM operation: HandshakeAllThreads
Event: 2.347 Executing VM operation: HandshakeAllThreads done
Event: 2.350 Executing VM operation: HandshakeAllThreads
Event: 2.350 Executing VM operation: HandshakeAllThreads done
Event: 2.390 Executing VM operation: HandshakeAllThreads
Event: 2.390 Executing VM operation: HandshakeAllThreads done
Event: 2.465 Executing VM operation: HandshakeAllThreads
Event: 2.465 Executing VM operation: HandshakeAllThreads done
Event: 2.467 Executing VM operation: HandshakeAllThreads
Event: 2.467 Executing VM operation: HandshakeAllThreads done
Event: 2.533 Executing VM operation: HandshakeAllThreads
Event: 2.533 Executing VM operation: HandshakeAllThreads done

Events (20 events):
Event: 2.626 loading class sun/nio/ch/UnixDomainSockets
Event: 2.626 loading class sun/nio/ch/UnixDomainSockets done
Event: 2.626 loading class sun/nio/ch/UnixDomainSocketsUtil
Event: 2.626 loading class sun/nio/ch/UnixDomainSocketsUtil done
Event: 2.629 loading class sun/nio/ch/SocketChannelImpl
Event: 2.630 loading class sun/nio/ch/SocketChannelImpl done
Event: 2.631 loading class java/nio/channels/spi/AbstractInterruptibleChannel$1
Event: 2.631 loading class sun/nio/ch/Interruptible
Event: 2.631 loading class sun/nio/ch/Interruptible done
Event: 2.631 loading class java/nio/channels/spi/AbstractInterruptibleChannel$1 done
Event: 2.632 loading class java/nio/BufferMismatch
Event: 2.632 loading class java/nio/BufferMismatch done
Event: 2.633 loading class sun/nio/ch/SourceChannelImpl
Event: 2.633 loading class java/nio/channels/Pipe$SourceChannel
Event: 2.633 loading class java/nio/channels/Pipe$SourceChannel done
Event: 2.633 loading class sun/nio/ch/SourceChannelImpl done
Event: 2.633 loading class sun/nio/ch/SinkChannelImpl
Event: 2.633 loading class java/nio/channels/Pipe$SinkChannel
Event: 2.633 loading class java/nio/channels/Pipe$SinkChannel done
Event: 2.633 loading class sun/nio/ch/SinkChannelImpl done


Dynamic libraries:
0x00007ff7274b0000 - 0x00007ff7274c0000 	C:\Program Files\Java\jdk-17.0.2\bin\java.exe
0x00007ffa01950000 - 0x00007ffa01b45000 	C:\Windows\SYSTEM32\ntdll.dll
0x00007ffa00000000 - 0x00007ffa000bd000 	C:\Windows\System32\KERNEL32.DLL
0x00007ff9ff1c0000 - 0x00007ff9ff48d000 	C:\Windows\System32\KERNELBASE.dll
0x00007ff9ff870000 - 0x00007ff9ff970000 	C:\Windows\System32\ucrtbase.dll
0x00007ff9ef100000 - 0x00007ff9ef11a000 	C:\Program Files\Java\jdk-17.0.2\bin\VCRUNTIME140.dll
0x00007ff9f59d0000 - 0x00007ff9f59e8000 	C:\Program Files\Java\jdk-17.0.2\bin\jli.dll
0x00007ff9fff40000 - 0x00007ff9fffee000 	C:\Windows\System32\ADVAPI32.dll
0x00007ffa00c50000 - 0x00007ffa00cee000 	C:\Windows\System32\msvcrt.dll
0x00007ffa00f20000 - 0x00007ffa00fbc000 	C:\Windows\System32\sechost.dll
0x00007ffa010e0000 - 0x00007ffa01205000 	C:\Windows\System32\RPCRT4.dll
0x00007ffa009c0000 - 0x00007ffa00b60000 	C:\Windows\System32\USER32.dll
0x00007ff9f2e30000 - 0x00007ff9f30ca000 	C:\Windows\WinSxS\amd64_microsoft.windows.common-controls_6595b64144ccf1df_6.0.19041.1110_none_60b5254171f9507e\COMCTL32.dll
0x00007ff9ff970000 - 0x00007ff9ff992000 	C:\Windows\System32\win32u.dll
0x00007ff9fff10000 - 0x00007ff9fff3a000 	C:\Windows\System32\GDI32.dll
0x00007ff9ff500000 - 0x00007ff9ff60b000 	C:\Windows\System32\gdi32full.dll
0x00007ff9f94e0000 - 0x00007ff9f94ea000 	C:\Windows\SYSTEM32\VERSION.dll
0x00007ff9ff120000 - 0x00007ff9ff1bd000 	C:\Windows\System32\msvcp_win.dll
0x00007ff9ffa50000 - 0x00007ff9ffa80000 	C:\Windows\System32\IMM32.DLL
0x00007ff9f5b50000 - 0x00007ff9f5b5c000 	C:\Program Files\Java\jdk-17.0.2\bin\vcruntime140_1.dll
0x00007ff9ec690000 - 0x00007ff9ec71d000 	C:\Program Files\Java\jdk-17.0.2\bin\msvcp140.dll
0x00007ff9abd90000 - 0x00007ff9ac951000 	C:\Program Files\Java\jdk-17.0.2\bin\server\jvm.dll
0x00007ff9ffff0000 - 0x00007ff9ffff8000 	C:\Windows\System32\PSAPI.DLL
0x00007ff9f2ba0000 - 0x00007ff9f2bc7000 	C:\Windows\SYSTEM32\WINMM.dll
0x00007ff9f44d0000 - 0x00007ff9f44d9000 	C:\Windows\SYSTEM32\WSOCK32.dll
0x00007ffa00e20000 - 0x00007ffa00e8b000 	C:\Windows\System32\WS2_32.dll
0x00007ff9fcf60000 - 0x00007ff9fcf72000 	C:\Windows\SYSTEM32\kernel.appcore.dll
0x00007ff9f4500000 - 0x00007ff9f450a000 	C:\Program Files\Java\jdk-17.0.2\bin\jimage.dll
0x00007ff9f8070000 - 0x00007ff9f8254000 	C:\Windows\SYSTEM32\DBGHELP.DLL
0x00007ff9f7c20000 - 0x00007ff9f7c4c000 	C:\Windows\SYSTEM32\dbgcore.DLL
0x00007ff9ff060000 - 0x00007ff9ff0e2000 	C:\Windows\System32\bcryptPrimitives.dll
0x00007ff9ed9b0000 - 0x00007ff9ed9d5000 	C:\Program Files\Java\jdk-17.0.2\bin\java.dll
0x00007ff9dd430000 - 0x00007ff9dd506000 	C:\Program Files\Java\jdk-17.0.2\bin\jsvml.dll
0x00007ffa00270000 - 0x00007ffa009b4000 	C:\Windows\System32\SHELL32.dll
0x00007ff9fd160000 - 0x00007ff9fd8f4000 	C:\Windows\SYSTEM32\windows.storage.dll
0x00007ff9ffbb0000 - 0x00007ff9fff04000 	C:\Windows\System32\combase.dll
0x00007ff9fe9f0000 - 0x00007ff9fea1c000 	C:\Windows\SYSTEM32\Wldp.dll
0x00007ff9ff9a0000 - 0x00007ff9ffa4d000 	C:\Windows\System32\SHCORE.dll
0x00007ffa01330000 - 0x00007ffa01385000 	C:\Windows\System32\shlwapi.dll
0x00007ff9fefa0000 - 0x00007ff9fefbf000 	C:\Windows\SYSTEM32\profapi.dll
0x00007ff9ed990000 - 0x00007ff9ed9a9000 	C:\Program Files\Java\jdk-17.0.2\bin\net.dll
0x00007ff9f5550000 - 0x00007ff9f565a000 	C:\Windows\SYSTEM32\WINHTTP.dll
0x0000000180000000 - 0x000000018008c000 	C:\Windows\system32\SafeIPs64.dll
0x00007ff9ffa80000 - 0x00007ff9ffbaa000 	C:\Windows\System32\ole32.dll
0x00007ffa00cf0000 - 0x00007ffa00dbd000 	C:\Windows\System32\OLEAUT32.dll
0x00007ff9fe440000 - 0x00007ff9fe47b000 	C:\Windows\SYSTEM32\IPHLPAPI.DLL
0x00007ff9fe750000 - 0x00007ff9fe7ba000 	C:\Windows\SYSTEM32\MSWSOCK.dll
0x00007ff9fef20000 - 0x00007ff9fef52000 	C:\Windows\SYSTEM32\SspiCli.dll
0x00007ff9fca80000 - 0x00007ff9fcb1e000 	C:\Windows\system32\uxtheme.dll
0x00007ffa01210000 - 0x00007ffa012b9000 	C:\Windows\System32\clbcatq.dll
0x00007ff9fee00000 - 0x00007ff9feea2000 	C:\Windows\SYSTEM32\sxs.dll
0x00007ff9ed550000 - 0x00007ff9ed566000 	C:\Program Files\Java\jdk-17.0.2\bin\nio.dll
0x00007ff9ed530000 - 0x00007ff9ed548000 	C:\Program Files\Java\jdk-17.0.2\bin\zip.dll
0x00007ff9ef5f0000 - 0x00007ff9ef600000 	C:\Program Files\Java\jdk-17.0.2\bin\verify.dll
0x00007ff9ef720000 - 0x00007ff9ef729000 	C:\Program Files\Java\jdk-17.0.2\bin\management.dll
0x00007ff9ef710000 - 0x00007ff9ef71b000 	C:\Program Files\Java\jdk-17.0.2\bin\management_ext.dll
0x00007ff9e8db0000 - 0x00007ff9e8dc7000 	C:\Windows\system32\napinsp.dll
0x00007ff9e8be0000 - 0x00007ff9e8bfb000 	C:\Windows\system32\pnrpnsp.dll
0x00007ff9fa090000 - 0x00007ff9fa0a5000 	C:\Windows\system32\wshbth.dll
0x00007ff9f8c00000 - 0x00007ff9f8c1d000 	C:\Windows\system32\NLAapi.dll
0x00007ff9fe480000 - 0x00007ff9fe54b000 	C:\Windows\SYSTEM32\DNSAPI.dll
0x00007ffa01320000 - 0x00007ffa01328000 	C:\Windows\System32\NSI.dll
0x00007ff9e8bc0000 - 0x00007ff9e8bd2000 	C:\Windows\System32\winrnr.dll
0x00007ff9f52f0000 - 0x00007ff9f52fa000 	C:\Windows\System32\rasadhlp.dll
0x00007ff9f54d0000 - 0x00007ff9f5550000 	C:\Windows\System32\fwpuclnt.dll
0x00007ff9ff0f0000 - 0x00007ff9ff117000 	C:\Windows\System32\bcrypt.dll
0x00007ff9fe940000 - 0x00007ff9fe958000 	C:\Windows\SYSTEM32\CRYPTSP.dll
0x00007ff9fe0d0000 - 0x00007ff9fe104000 	C:\Windows\system32\rsaenh.dll
0x00007ff9fef60000 - 0x00007ff9fef8e000 	C:\Windows\SYSTEM32\USERENV.dll
0x00007ff9fe960000 - 0x00007ff9fe96c000 	C:\Windows\SYSTEM32\CRYPTBASE.dll
0x00007ff9f6fc0000 - 0x00007ff9f6fd7000 	C:\Windows\SYSTEM32\dhcpcsvc6.DLL
0x00007ff9f6fa0000 - 0x00007ff9f6fbd000 	C:\Windows\SYSTEM32\dhcpcsvc.DLL
0x00007ff9ef170000 - 0x00007ff9ef17e000 	C:\Program Files\Java\jdk-17.0.2\bin\sunmscapi.dll
0x00007ff9ff610000 - 0x00007ff9ff766000 	C:\Windows\System32\CRYPT32.dll
0x00007ff9fea60000 - 0x00007ff9fea87000 	C:\Windows\SYSTEM32\ncrypt.dll
0x00007ff9fea20000 - 0x00007ff9fea5b000 	C:\Windows\SYSTEM32\NTASN1.dll
0x00007ff9ef0f0000 - 0x00007ff9ef0f7000 	C:\Windows\system32\wshunix.dll

dbghelp: loaded successfully - version: 4.0.5 - missing functions: none
symbol engine: initialized successfully - sym options: 0x614 - pdb path: .;C:\Program Files\Java\jdk-17.0.2\bin;C:\Windows\SYSTEM32;C:\Windows\WinSxS\amd64_microsoft.windows.common-controls_6595b64144ccf1df_6.0.19041.1110_none_60b5254171f9507e;C:\Program Files\Java\jdk-17.0.2\bin\server

VM Arguments:
jvm_args: -XX:TieredStopAtLevel=1 
java_command: com.cursojava.curso.CursoApplication
java_class_path (initial): C:\Users\p4nt4\Documents\cursos\spring\lucas\cursoSpring\target\classes;C:\Users\p4nt4\.m2\repository\org\springframework\boot\spring-boot\2.6.7\spring-boot-2.6.7.jar;C:\Users\p4nt4\.m2\repository\org\springframework\boot\spring-boot-autoconfigure\2.6.7\spring-boot-autoconfigure-2.6.7.jar;C:\Users\p4nt4\.m2\repository\ch\qos\logback\logback-classic\1.2.11\logback-classic-1.2.11.jar;C:\Users\p4nt4\.m2\repository\ch\qos\logback\logback-core\1.2.11\logback-core-1.2.11.jar;C:\Users\p4nt4\.m2\repository\org\apache\logging\log4j\log4j-to-slf4j\2.17.2\log4j-to-slf4j-2.17.2.jar;C:\Users\p4nt4\.m2\repository\org\apache\logging\log4j\log4j-api\2.17.2\log4j-api-2.17.2.jar;C:\Users\p4nt4\.m2\repository\org\slf4j\jul-to-slf4j\1.7.36\jul-to-slf4j-1.7.36.jar;C:\Users\p4nt4\.m2\repository\org\yaml\snakeyaml\1.29\snakeyaml-1.29.jar;C:\Users\p4nt4\.m2\repository\com\fasterxml\jackson\core\jackson-databind\2.13.2.1\jackson-databind-2.13.2.1.jar;C:\Users\p4nt4\.m2\repository\com\fasterxml\jackson\core\jackson-annotations\2.13.2\jackson-annotations-2.13.2.jar;C:\Users\p4nt4\.m2\repository\com\fasterxml\jackson\core\jackson-core\2.13.2\jackson-core-2.13.2.jar;C:\Users\p4nt4\.m2\repository\com\fasterxml\jackson\datatype\jackson-datatype-jdk8\2.13.2\jackson-datatype-jdk8-2.13.2.jar;C:\Users\p4nt4\.m2\repository\com\fasterxml\jackson\datatype\jackson-datatype-jsr310\2.13.2\jackson-datatype-jsr310-2.13.2.jar;C:\Users\p4nt4\.m2\repository\com\fasterxml\jackson\module\jackson-module-parameter-names\2.13.2\jackson-module-parameter-names-2.13.2.jar;C:\Users\p4nt4\.m2\repository\org\springframework\spring-web\5.3.19\spring-web-5.3.19.jar;C:\Users\p4nt4\.m2\repository\org\springframework\spring-beans\5.3.19\spring-beans-5.3.19.jar;C:\Users\p4nt4\.m2\repository\org\springframework\spring-webmvc\5.3.19\spring-webmvc-5.3.19.jar;C:\Users\p4nt4\.m2\repository\org\springframework\spring-aop\5.3.19\spring-aop-5.3.19.jar;C:\Users\p4nt4\.m2\repository\org\springframework\spring
Launcher Type: SUN_STANDARD

[Global flags]
     intx CICompilerCount                          = 3                                         {product} {ergonomic}
     uint ConcGCThreads                            = 1                                         {product} {ergonomic}
     uint G1ConcRefinementThreads                  = 4                                         {product} {ergonomic}
   size_t G1HeapRegionSize                         = 2097152                                   {product} {ergonomic}
    uintx GCDrainStackTargetSize                   = 64                                        {product} {ergonomic}
   size_t InitialHeapSize                          = 266338304                                 {product} {ergonomic}
   size_t MarkStackSize                            = 4194304                                   {product} {ergonomic}
   size_t MaxHeapSize                              = 4261412864                                {product} {ergonomic}
   size_t MaxNewSize                               = 2556428288                                {product} {ergonomic}
   size_t MinHeapDeltaBytes                        = 2097152                                   {product} {ergonomic}
   size_t MinHeapSize                              = 8388608                                   {product} {ergonomic}
    uintx NonProfiledCodeHeapSize                  = 0                                      {pd product} {ergonomic}
     bool ProfileInterpreter                       = false                                  {pd product} {command line}
    uintx ProfiledCodeHeapSize                     = 0                                      {pd product} {ergonomic}
   size_t SoftMaxHeapSize                          = 4261412864                             {manageable} {ergonomic}
     intx TieredStopAtLevel                        = 1                                         {product} {command line}
     bool UseCompressedClassPointers               = true                           {product lp64_product} {ergonomic}
     bool UseCompressedOops                        = true                           {product lp64_product} {ergonomic}
     bool UseG1GC                                  = true                                      {product} {ergonomic}
     bool UseLargePagesIndividualAllocation        = false                                  {pd product} {ergonomic}

Logging:
Log output configuration:
 #0: stdout all=warning uptime,level,tags
 #1: stderr all=off uptime,level,tags

Environment Variables:
JAVA_HOME=C:\Program Files\Java\jdk-15.0.2
PATH=C:\Windows\system32;C:\Windows;C:\Windows\System32\Wbem;C:\Windows\System32\WindowsPowerShell\v1.0\;C:\Windows\System32\OpenSSH\;C:\Program Files\nodejs\;C:\Program Files\Azure Data Studio\bin;C:\maven\bin;C:\Program Files\Java\jdk-15.0.2\bin;C:\Program Files\Go\bin;C:\Program Files\MongoDB\Server\5.0\bin;C:\Program Files\Microsoft SQL Server\Client SDK\ODBC\130\Tools\Binn\;C:\Program Files\Microsoft SQL Server\Client SDK\ODBC\170\Tools\Binn\;C:\Program Files (x86)\Microsoft SQL Server\150\Tools\Binn\;C:\Program Files\Microsoft SQL Server\150\Tools\Binn\;C:\Program Files\Microsoft SQL Server\150\DTS\Binn\;C:\Program Files (x86)\Microsoft SQL Server\150\DTS\Binn\;C:\Program Files\Git\cmd;C:\MinGW\bin;C:\Users\p4nt4\AppData\Local\Programs\Python\Python310\Scripts\;C:\Users\p4nt4\AppData\Local\Programs\Python\Python310\;C:\Users\p4nt4\AppData\Local\Microsoft\WindowsApps;C:\Users\p4nt4\AppData\Local\Programs\Microsoft VS Code\bin;C:\Users\p4nt4\AppData\Roaming\npm;C:\Program Files (x86)\GnuWin32\bin;;C:\Program Files\Azure Data Studio\bin;C:\Users\p4nt4\go\bin;C:\Program Files\heroku\bin
USERNAME=p4nt4
OS=Windows_NT
PROCESSOR_IDENTIFIER=Intel64 Family 6 Model 142 Stepping 9, GenuineIntel



---------------  S Y S T E M  ---------------

OS:
 Windows 10 , 64 bit Build 19041 (10.0.19041.1706)
OS uptime: 0 days 15:38 hours

CPU: total 4 (initial active 4) (2 cores per cpu, 2 threads per core) family 6 model 142 stepping 9 microcode 0xb4, cx8, cmov, fxsr, ht, mmx, 3dnowpref, sse, sse2, sse3, ssse3, sse4.1, sse4.2, popcnt, lzcnt, tsc, tscinvbit, avx, avx2, aes, erms, clmul, bmi1, bmi2, adx, fma, vzeroupper, clflush, clflushopt

Memory: 4k page, system-wide physical 16252M (9436M free)
TotalPageFile size 18684M (AvailPageFile size 10409M)
current process WorkingSet (physical memory assigned to process): 106M, peak: 137M
current process commit charge ("private bytes"): 163M, peak: 367M

vm_info: Java HotSpot(TM) 64-Bit Server VM (17.0.2+8-LTS-86) for windows-amd64 JRE (17.0.2+8-LTS-86), built on Dec  7 2021 21:51:03 by "mach5one" with MS VC++ 16.8 / 16.9 (VS2019)

END.
